Warning[205] D:\ARCHIVOS\PROGRAMACION\MICROCONTROLADORES\PIC\ASSEMBLER\MPASM\PIC16F887\39_ADC_LM35\ADC_LM35.ASM 33 : Found directive in column 1. (CBLOCK)
Warning[205] D:\ARCHIVOS\PROGRAMACION\MICROCONTROLADORES\PIC\ASSEMBLER\MPASM\PIC16F887\LIBRERIAS\MACROS_INTERRUPT.ASM 2 : Found directive in column 1. (CBLOCK)
Warning[205] D:\ARCHIVOS\PROGRAMACION\MICROCONTROLADORES\PIC\ASSEMBLER\MPASM\PIC16F887\LIBRERIAS\MACROS_INTERRUPT.ASM 4 : Found directive in column 1. (ENDC)
Message[302] D:\ARCHIVOS\PROGRAMACION\MICROCONTROLADORES\PIC\ASSEMBLER\MPASM\PIC16F887\LIBRERIAS\MACROS_CONFIGURACION_INT.ASM 16 : Register in operand not in bank 0.  Ensure that bank bits are correct.
Message[302] D:\ARCHIVOS\PROGRAMACION\MICROCONTROLADORES\PIC\ASSEMBLER\MPASM\PIC16F887\LIBRERIAS\MACROS_CONFIGURACION_INT.ASM 17 : Register in operand not in bank 0.  Ensure that bank bits are correct.
Message[302] D:\ARCHIVOS\PROGRAMACION\MICROCONTROLADORES\PIC\ASSEMBLER\MPASM\PIC16F887\LIBRERIAS\MACROS_CONFIGURACION_INT.ASM 21 : Register in operand not in bank 0.  Ensure that bank bits are correct.
Message[302] D:\ARCHIVOS\PROGRAMACION\MICROCONTROLADORES\PIC\ASSEMBLER\MPASM\PIC16F887\LIBRERIAS\MACROS_CONFIGURACION_INT.ASM 22 : Register in operand not in bank 0.  Ensure that bank bits are correct.
Message[302] D:\ARCHIVOS\PROGRAMACION\MICROCONTROLADORES\PIC\ASSEMBLER\MPASM\PIC16F887\LIBRERIAS\MACROS_CONFIGURACION_INT.ASM 23 : Register in operand not in bank 0.  Ensure that bank bits are correct.
Message[302] D:\ARCHIVOS\PROGRAMACION\MICROCONTROLADORES\PIC\ASSEMBLER\MPASM\PIC16F887\LIBRERIAS\MACROS_CONFIGURACION_INT.ASM 24 : Register in operand not in bank 0.  Ensure that bank bits are correct.
Message[302] D:\ARCHIVOS\PROGRAMACION\MICROCONTROLADORES\PIC\ASSEMBLER\MPASM\PIC16F887\LIBRERIAS\MACROS_CONFIGURACION_INT.ASM 25 : Register in operand not in bank 0.  Ensure that bank bits are correct.
Message[302] D:\ARCHIVOS\PROGRAMACION\MICROCONTROLADORES\PIC\ASSEMBLER\MPASM\PIC16F887\39_ADC_LM35\ADC_LM35.ASM 62 : Register in operand not in bank 0.  Ensure that bank bits are correct.
Message[302] D:\ARCHIVOS\PROGRAMACION\MICROCONTROLADORES\PIC\ASSEMBLER\MPASM\PIC16F887\39_ADC_LM35\ADC_LM35.ASM 63 : Register in operand not in bank 0.  Ensure that bank bits are correct.
Message[302] D:\ARCHIVOS\PROGRAMACION\MICROCONTROLADORES\PIC\ASSEMBLER\MPASM\PIC16F887\39_ADC_LM35\ADC_LM35.ASM 64 : Register in operand not in bank 0.  Ensure that bank bits are correct.
Message[302] D:\ARCHIVOS\PROGRAMACION\MICROCONTROLADORES\PIC\ASSEMBLER\MPASM\PIC16F887\39_ADC_LM35\ADC_LM35.ASM 65 : Register in operand not in bank 0.  Ensure that bank bits are correct.
Message[302] D:\ARCHIVOS\PROGRAMACION\MICROCONTROLADORES\PIC\ASSEMBLER\MPASM\PIC16F887\39_ADC_LM35\ADC_LM35.ASM 66 : Register in operand not in bank 0.  Ensure that bank bits are correct.
Message[302] D:\ARCHIVOS\PROGRAMACION\MICROCONTROLADORES\PIC\ASSEMBLER\MPASM\PIC16F887\39_ADC_LM35\ADC_LM35.ASM 68 : Register in operand not in bank 0.  Ensure that bank bits are correct.
Message[302] D:\ARCHIVOS\PROGRAMACION\MICROCONTROLADORES\PIC\ASSEMBLER\MPASM\PIC16F887\39_ADC_LM35\ADC_LM35.ASM 75 : Register in operand not in bank 0.  Ensure that bank bits are correct.
Message[302] D:\ARCHIVOS\PROGRAMACION\MICROCONTROLADORES\PIC\ASSEMBLER\MPASM\PIC16F887\39_ADC_LM35\ADC_LM35.ASM 81 : Register in operand not in bank 0.  Ensure that bank bits are correct.
Message[302] D:\ARCHIVOS\PROGRAMACION\MICROCONTROLADORES\PIC\ASSEMBLER\MPASM\PIC16F887\39_ADC_LM35\ADC_LM35.ASM 99 : Register in operand not in bank 0.  Ensure that bank bits are correct.
Message[302] D:\ARCHIVOS\PROGRAMACION\MICROCONTROLADORES\PIC\ASSEMBLER\MPASM\PIC16F887\39_ADC_LM35\ADC_LM35.ASM 100 : Register in operand not in bank 0.  Ensure that bank bits are correct.
Message[302] D:\ARCHIVOS\PROGRAMACION\MICROCONTROLADORES\PIC\ASSEMBLER\MPASM\PIC16F887\39_ADC_LM35\ADC_LM35.ASM 196 : Register in operand not in bank 0.  Ensure that bank bits are correct.
Message[302] D:\ARCHIVOS\PROGRAMACION\MICROCONTROLADORES\PIC\ASSEMBLER\MPASM\PIC16F887\39_ADC_LM35\ADC_LM35.ASM 255 : Register in operand not in bank 0.  Ensure that bank bits are correct.
Message[302] D:\ARCHIVOS\PROGRAMACION\MICROCONTROLADORES\PIC\ASSEMBLER\MPASM\PIC16F887\39_ADC_LM35\ADC_LM35.ASM 316 : Register in operand not in bank 0.  Ensure that bank bits are correct.
Message[302] D:\ARCHIVOS\PROGRAMACION\MICROCONTROLADORES\PIC\ASSEMBLER\MPASM\PIC16F887\39_ADC_LM35\ADC_LM35.ASM 317 : Register in operand not in bank 0.  Ensure that bank bits are correct.
Message[302] D:\ARCHIVOS\PROGRAMACION\MICROCONTROLADORES\PIC\ASSEMBLER\MPASM\PIC16F887\39_ADC_LM35\ADC_LM35.ASM 365 : Register in operand not in bank 0.  Ensure that bank bits are correct.
Message[302] D:\ARCHIVOS\PROGRAMACION\MICROCONTROLADORES\PIC\ASSEMBLER\MPASM\PIC16F887\39_ADC_LM35\ADC_LM35.ASM 366 : Register in operand not in bank 0.  Ensure that bank bits are correct.
