MPASM  5.51                       INT_EXT.ASM   6-11-2021  19:23:34         PAGE  1


LOC  OBJECT CODE     LINE SOURCE TEXT
  VALUE

                      00001 ;DESCRIPCION:
                      00002 ;
                      00003 ;---------------------------MACROS----------------------------
                      00004 PUSH_ANTIR      MACRO   PUERTO,PIN
                      00005                         BTFSC   PUERTO,PIN
                      00006                         GOTO    $-1
                      00007                         CALL    SUBT25MS
                      00008                         BTFSS   PUERTO,PIN
                      00009                         GOTO    $-1
                      00010                         CALL    SUBT25MS
                      00011                         ENDM
                      00012 
                      00013 ;---------------------------DEFINE----------------------------
                      00014 ;----------------------------EQU------------------------------
                      00015 ;---------------------------CBLOCK----------------------------
Warning[205]: Found directive in column 1. (CBLOCK)
                      00016 CBLOCK          0X25
  00000025            00017                                         UNIDADES,DECENAS,CENTENAS
                      00018                         ENDC
                      00019 ;---------------------------HEADER----------------------------
                      00020                                         INCLUDE         <D:\Archivos\Programacion\Microcontroladores\PIC
                            \ASSEMBLER\MPASM\PIC16F887\LIBRERIAS\MACROS_INTERRUPT.ASM>      ;MACRO PARA EL USO DE INTERRUPCI
                      00001 ;GUARDAR VARIABLES STATUS,PC,W,VARIABLE DE RETARDO
Warning[205]: Found directive in column 1. (CBLOCK)
                      00002 CBLOCK          0X70
  00000070            00003                                                                 SAVE_W,SAVE_STATUS,SAVE_PC
Warning[205]: Found directive in column 1. (ENDC)
                      00004 ENDC
                      00005 
                      00006 
                      00007 SAVE_REG        MACRO
                      00008                         MOVWF           SAVE_W
                      00009                         SWAPF           STATUS,W
                      00010                         MOVWF           SAVE_STATUS
                      00011                         CLRF            STATUS
                      00012                         MOVF            PCLATH,W
                      00013                         MOVWF           SAVE_PC
                      00014                         MOVF            0X60,W
                      00015                         MOVWF           0X75
                      00016                         MOVF            0X61,W
                      00017                         MOVWF           0X76 
                      00018                         MOVF            0X61,W
                      00019                         MOVWF           0X76
                      00020                         MOVF            0X62,W
                      00021                         MOVWF           0X77
                      00022                         MOVF            0X63,W
                      00023                         MOVWF           0X78
                      00024                         MOVF            0X64,W
                      00025                         MOVWF           0X79
                      00026                         MOVF            0X65,W
                      00027                         MOVWF           0X7A
                      00028                         MOVF            0X66,W
                      00029                         MOVWF           0X7B
MPASM  5.51                       INT_EXT.ASM   6-11-2021  19:23:34         PAGE  2


LOC  OBJECT CODE     LINE SOURCE TEXT
  VALUE

                      00030                         MOVF            0X67,W
                      00031                         MOVWF           0X7C
                      00032                         MOVF            0X68,W
                      00033                         MOVWF           0X7D
                      00034                         ENDM
                      00035 
                      00036 RESTORE_REG MACRO
                      00037                         MOVF                    0X75,W
                      00038                         MOVWF                   0X60
                      00039                         MOVF                    0X76,W
                      00040                         MOVWF                   0X61
                      00041                         MOVF                    0X77,W
                      00042                         MOVWF                   0X62
                      00043                         MOVF                    0X78,W
                      00044                         MOVWF                   0X63
                      00045                         MOVF                    0X78,W
                      00046                         MOVWF                   0X64
                      00047                         MOVF                    0X7A,W
                      00048                         MOVWF                   0X65
                      00049                         MOVF                    0X7B,W
                      00050                         MOVWF                   0X66
                      00051                         MOVF                    0X7C,W
                      00052                         MOVWF                   0X67
                      00053                         MOVF                    0X7D,W
                      00054                         MOVWF                   0X68
                      00055                         MOVF                    SAVE_PC,W
                      00056                         MOVWF                   PCLATH
                      00057                         SWAPF                   SAVE_STATUS,W
                      00058                         MOVWF                   STATUS
                      00059                         SWAPF                   SAVE_W,F
                      00060                         SWAPF                   SAVE_W,W
                      00061                         ENDM
                      00021                                         INCLUDE         <D:\Archivos\Programacion\Microcontroladores\PIC
                            \ASSEMBLER\MPASM\PIC16F887\LIBRERIAS\MACROS_LCD.ASM>    ;MACRO PARA EL USO DISPLAY LCD
                      00001 ;---------------------------DEFINE-----------------------------------
                      00002 #DEFINE         RS_0    BCF             PORTB,4
                      00003 #DEFINE         RS_1    BSF             PORTB,4
                      00004 #DEFINE         E_0             BCF             PORTB,5
                      00005 #DEFINE         E_1             BSF             PORTB,5
                      00006 
                      00007 ;----------------------------EQU--------------------------------------
  0000002A            00008 DATO            EQU             0X2A
                      00009 
                      00010 ;---------------------------MACROS-----------------------------------
                      00011 
                      00012 FILA1_POSICION          MACRO                   POSICION1
                      00013                                         MOVLW                   POSICION1                               
                                    ;POSICIONARSE EN LA SEGUNDA FILA
                      00014                                         CALL                    DIRECCION_DDRAM
                      00015                                         ENDM
                      00016 
                      00017 FILA2_POSICION          MACRO                   POSICION2
                      00018                                         MOVLW                   0X40+POSICION2                          
MPASM  5.51                       INT_EXT.ASM   6-11-2021  19:23:34         PAGE  3


LOC  OBJECT CODE     LINE SOURCE TEXT
  VALUE

                                    ;POSICIONARSE EN LA SEGUNDA FILA
                      00019                                         CALL                    DIRECCION_DDRAM
                      00020                                         ENDM
                      00021 
                      00022                                         INCLUDE         <D:\Archivos\Programacion\Microcontroladores\PIC
                            \ASSEMBLER\MPASM\PIC16F887\LIBRERIAS\MACROS_7SEG.ASM>   ;MACRO PARA EL USO DISPLAY 7 SEG        
                      00001 SIETE_SG_KC     MACRO
                      00002 SIETE_SEG:                                              
                      00003                         ADDWF           PCL,F
                      00004 
                      00005                         DT                      0X3F,0X06,0X5B,0X4F,0X66,0X7D,0X07,0X7F,0X6F,0X77,0X7C,0
                            X39,0X5E,0X79,0X71
                      00006                         ENDM
                      00023                                         INCLUDE         <D:\Archivos\Programacion\Microcontroladores\PIC
                            \ASSEMBLER\MPASM\PIC16F887\LIBRERIAS\RETARDOS_MACROS.ASM> ;MACRO DE RETARDO
                      00001 ;---------RETARDO 1 VARIABLE-----------------
                      00002 
                      00003 RETARDO_1V      MACRO           VAR1
                      00004                 MOVLW           VAR1
                      00005                 MOVWF           0X60
                      00006                 CALL            ST1V
                      00007                 ENDM
                      00008 
                      00009 ;---------RETARDO 2 VARIABLES-----------------
                      00010 RETARDO_2V      MACRO           VAR1,VAR2
                      00011                 MOVLW           VAR1
                      00012                 MOVWF           0X61
                      00013                 MOVLW           VAR2
                      00014                 MOVWF           0X62
                      00015                 CALL            ST2V
                      00016                 ENDM
                      00017 
                      00018 ;---------RETARDO 3 VARIABLES-----------------
                      00019 RETARDO_3V      MACRO           VAR1,VAR2,VAR3
                      00020                 MOVLW           VAR1                            ;VAR1
                      00021                 MOVWF           0X64
                      00022                 MOVLW           VAR2                            ;VAR2
                      00023                 MOVWF           0X65                    
                      00024                 MOVLW           VAR3                            ;VAR3
                      00025                 MOVWF           VAR3
                      00026                 CALL            ST3V
                      00027                 ENDM
                      00028 ;---------------------------------------------------
                      00024                                         INCLUDE         <D:\Archivos\Programacion\Microcontroladores\PIC
                            \ASSEMBLER\MPASM\PIC16F887\LIBRERIAS\MACROS_CONFIGURACION_INT.ASM> ;MACRO DE CONFIGURACION BASIC
                      00001 ;PLANTILLA PARA CONFIGURACION BASICA
                      00002 VECTOR_INTERRUPCION             MACRO           
                      00003                                         ORG                     0X0004                  ;VECTOR DE INTER
                            RUPCION
                      00004                                         SAVE_REG                                        ;GUARDAR REGISTR
                            OS DE INTERES
                      00005                                         GOTO            ISR                             ;IR A RUTINA DE 
                            SERVICIO DE INTERRUPCION
MPASM  5.51                       INT_EXT.ASM   6-11-2021  19:23:34         PAGE  4


LOC  OBJECT CODE     LINE SOURCE TEXT
  VALUE

                      00006                                 ENDM
                      00007 
                      00008 
                      00009 
                      00010 ;ETIQUETAS | NEMONICOS | OPERANDOS              | COMENTARIOS   
                      00011 
                      00012 CONFIGURACION           MACRO
                      00013                 
                      00014 INICIALIZA:                     BSF                     STATUS,RP0
                      00015                                         BSF                     STATUS,RP1              ;ACCEDIENDO AL B
                            ANCO 3
                      00016                                         CLRF            ANSEL
                      00017                                         CLRF            ANSELH                  ;TODOS LOS PINES DIGITAL
                            ES
                      00018                         
                      00019                                         BCF                     STATUS,RP1
                      00020                                         BSF                     STATUS,RP0              ;ACCEDIENDO AL B
                            ANCO 1
                      00021                                         CLRF            TRISA                   ;PUERTO A COMO ENTRADA
                      00022                                         CLRF            TRISB                   ;PUERTO B COMO SALIDA
                      00023                                         CLRF            TRISC                   ;PUERTO C COMO ENTRADA
                      00024                                         CLRF            TRISD                   ;PUERTO D COMO SALIDA
                      00025                                         CLRF            TRISE                   ;PUERTO E COMO ENTRADA
                      00026                         
                      00027 
                      00028                                         BCF                     STATUS,RP0              
                      00029                                         BCF                     STATUS,RP1              ;ACCEDIENDO AL B
                            ANCO 0
                      00030                                         CLRF            PORTA                   ;LIMPIAR EL PUERTO A
                      00031                                         CLRF            PORTB                   ;LIMPIAR EL PUERTO B
                      00032                                         CLRF            PORTC                   ;LIMPIAR EL PUERTO C
                      00033                                         CLRF            PORTD                   ;LIMPIAR EL PUERTO D
                      00034                                         CLRF            PORTE                   ;LIMPIAR EL PUERTO E
                      00035                 
                      00036                                         BCF                     STATUS,RP1
                      00037                                         BSF                     STATUS,RP0              ;ACCEDIENDO AL B
                            ANCO 1
                      00038                                         ENDM    
                      00039 
                      00040         PROCESSOR       16F887
2007   23E4           00041                                         __CONFIG        0X2007,23E4
2008   3FFF           00042                                         __CONFIG        0X2008,3FFF
                      00043                                         INCLUDE         <P16F887.INC>   
                      00001         LIST
                      00002 
                      00003 ;==========================================================================
                      00004 ;  MPASM PIC16F887 processor include
                      00005 ; 
                      00006 ;  (c) Copyright 1999-2013 Microchip Technology, All rights reserved
                      00007 ;==========================================================================
                      00008 
                      00809         LIST
0000                  00025                                         ORG                     0X0000                  ;EMPEZAR EN LA D
MPASM  5.51                       INT_EXT.ASM   6-11-2021  19:23:34         PAGE  5


LOC  OBJECT CODE     LINE SOURCE TEXT
  VALUE

                            IRECCION 0 DE LA MEMORIA DE PROGRAMA
0000   2842           00026                                         GOTO            INICIALIZA
                      00027                                         VECTOR_INTERRUPCION                     ;SI SE USA INTERRUPCIONE
                            S DESCOMENTAR
0004                      M                                         ORG                     0X0004                  ;VECTOR DE INTER
                            RUPCION
                          M                                         SAVE_REG                                        ;GUARDAR REGISTR
                            OS DE INTERES
0004   00F0               M                         MOVWF           SAVE_W
0005   0E03               M                         SWAPF           STATUS,W
0006   00F1               M                         MOVWF           SAVE_STATUS
0007   0183               M                         CLRF            STATUS
0008   080A               M                         MOVF            PCLATH,W
0009   00F2               M                         MOVWF           SAVE_PC
000A   0860               M                         MOVF            0X60,W
000B   00F5               M                         MOVWF           0X75
000C   0861               M                         MOVF            0X61,W
000D   00F6               M                         MOVWF           0X76 
000E   0861               M                         MOVF            0X61,W
000F   00F6               M                         MOVWF           0X76
0010   0862               M                         MOVF            0X62,W
0011   00F7               M                         MOVWF           0X77
0012   0863               M                         MOVF            0X63,W
0013   00F8               M                         MOVWF           0X78
0014   0864               M                         MOVF            0X64,W
0015   00F9               M                         MOVWF           0X79
0016   0865               M                         MOVF            0X65,W
0017   00FA               M                         MOVWF           0X7A
0018   0866               M                         MOVF            0X66,W
0019   00FB               M                         MOVWF           0X7B
001A   0867               M                         MOVF            0X67,W
001B   00FC               M                         MOVWF           0X7C
001C   0868               M                         MOVF            0X68,W
001D   00FD               M                         MOVWF           0X7D
001E   2868               M                                         GOTO            ISR                             ;IR A RUTINA DE 
                            SERVICIO DE INTERRUPCION
                      00028 ;                                       SIETE_SG_KC                             ;SI SE USA DISPLAY 7 SEG
                             DESCOMENTAR
                      00029                                         
                      00030 ;************************************************************************                ***************
                            **********************************************************
001F   0782           00031 TABLA_LCD                       ADDWF                   PCL,F
0020   0782           00032 LCD_FILA1                       ADDWF                   PCL,F
0021   3445 344C 3420 00033                                         DT                              "EL NUMERO       "
       344E 3455 344D 
       3445 3452 344F 
       3420 3420 3420 
       3420 3420 3420 
       3420 
0031   0782           00034 LCD_FILA2                       ADDWF                   PCL,F
0032   3441 344C 3445 00035                                         DT                              "ALEATORIO ES    "              
                                                            
       3441 3454 344F 
MPASM  5.51                       INT_EXT.ASM   6-11-2021  19:23:34         PAGE  6


LOC  OBJECT CODE     LINE SOURCE TEXT
  VALUE

       3452 3449 344F 
       3420 3445 3453 
       3420 3420 3420 
       3420 
                      00036                                         CONFIGURACION                           ;NOS DEJA EN EL BANCO 1
                          M                 
0042   1683               M INICIALIZA:                     BSF                     STATUS,RP0
0043   1703               M                                         BSF                     STATUS,RP1              ;ACCEDIENDO AL B
                            ANCO 3
Message[302]: Register in operand not in bank 0.  Ensure that bank bits are correct.
0044   0188               M                                         CLRF            ANSEL
Message[302]: Register in operand not in bank 0.  Ensure that bank bits are correct.
0045   0189               M                                         CLRF            ANSELH                  ;TODOS LOS PINES DIGITAL
                            ES
                          M                         
0046   1303               M                                         BCF                     STATUS,RP1
0047   1683               M                                         BSF                     STATUS,RP0              ;ACCEDIENDO AL B
                            ANCO 1
Message[302]: Register in operand not in bank 0.  Ensure that bank bits are correct.
0048   0185               M                                         CLRF            TRISA                   ;PUERTO A COMO ENTRADA
Message[302]: Register in operand not in bank 0.  Ensure that bank bits are correct.
0049   0186               M                                         CLRF            TRISB                   ;PUERTO B COMO SALIDA
Message[302]: Register in operand not in bank 0.  Ensure that bank bits are correct.
004A   0187               M                                         CLRF            TRISC                   ;PUERTO C COMO ENTRADA
Message[302]: Register in operand not in bank 0.  Ensure that bank bits are correct.
004B   0188               M                                         CLRF            TRISD                   ;PUERTO D COMO SALIDA
Message[302]: Register in operand not in bank 0.  Ensure that bank bits are correct.
004C   0189               M                                         CLRF            TRISE                   ;PUERTO E COMO ENTRADA
                          M                         
                          M 
004D   1283               M                                         BCF                     STATUS,RP0              
004E   1303               M                                         BCF                     STATUS,RP1              ;ACCEDIENDO AL B
                            ANCO 0
004F   0185               M                                         CLRF            PORTA                   ;LIMPIAR EL PUERTO A
0050   0186               M                                         CLRF            PORTB                   ;LIMPIAR EL PUERTO B
0051   0187               M                                         CLRF            PORTC                   ;LIMPIAR EL PUERTO C
0052   0188               M                                         CLRF            PORTD                   ;LIMPIAR EL PUERTO D
0053   0189               M                                         CLRF            PORTE                   ;LIMPIAR EL PUERTO E
                          M                 
0054   1303               M                                         BCF                     STATUS,RP1
0055   1683               M                                         BSF                     STATUS,RP0              ;ACCEDIENDO AL B
                            ANCO 1
                      00037 ;-----------------------CODIGO PRINCIPAL------------------------------
                      00038 ;ETIQUETAS                      |NEMONICOS              | OPERANDOS             | COMENTARIOS   
Message[302]: Register in operand not in bank 0.  Ensure that bank bits are correct.
0056   0186           00039                                         CLRF                    TRISB
                      00040 
                      00041 ;************CONFIGURACION INTERRUPCION EXTERNA***************************************
Message[302]: Register in operand not in bank 0.  Ensure that bank bits are correct.
0057   1301           00042                                         BCF                             OPTION_REG,INTEDG       ;DETECCI
                            ON DE FLANCO DE BAJADA
0058   108B           00043                                         BCF                             INTCON,INTF                     
                            ;LIMPIAR BANDERA DE INTERRUPCION
MPASM  5.51                       INT_EXT.ASM   6-11-2021  19:23:34         PAGE  7


LOC  OBJECT CODE     LINE SOURCE TEXT
  VALUE

0059   160B           00044                                         BSF                             INTCON,INTE                     
                            ;HABILITAR INTERRUPCION EXTERNA
005A   178B           00045                                         BSF                             INTCON,GIE                      
                            ;HABILITAR INTERRUPCIONES GLOBALES
                      00046 
005B   1283           00047                                         BCF                             STATUS,RP0                      
                            ;BANCO 0
                      00048 
005C   20D8           00049                                         CALL                    INIT_LCD        
                      00050                                         FILA1_POSICION  .0
005D   3000               M                                         MOVLW                   .0                                      
                                    ;POSICIONARSE EN LA SEGUNDA FILA
005E   2101               M                                         CALL                    DIRECCION_DDRAM
005F   212F           00051                                         CALL                    MENSAJE_FILA1
                      00052                                         FILA2_POSICION  .0
0060   3040               M                                         MOVLW                   0X40+.0                                 
                                    ;POSICIONARSE EN LA SEGUNDA FILA
0061   2101               M                                         CALL                    DIRECCION_DDRAM
0062   2139           00053                                         CALL                    MENSAJE_FILA2
                      00054 
0063   1683           00055                                         BSF                             STATUS,RP0                      
                            ;BANCO 1
Message[302]: Register in operand not in bank 0.  Ensure that bank bits are correct.
0064   0986           00056                                         COMF                    TRISB,F                         ;PUERTO 
                            B COMO ENTRADA
0065   1283           00057                                         BCF                             STATUS,RP0                      
                            ;BANCO 0
                      00058 
0066   0AA1           00059                                         INCF                    0X21,F                          ;INCREME
                            NTAR REGISTRO DE PROPOSITO GENERAL
0067   2866           00060                                         GOTO                    $-1                                     
                            ;IR A LA POSICION ANTERIOR
                      00061 
                      00062 ;*************************************************************************
                      00063                                         
                      00064 ;*************************************************************************
                      00065                                         
                      00066 ;------------------SERVICIO DE RUTINA DE INTERRUPCION-----------------
                      00067 ISR:                            PUSH_ANTIR              PORTB,0
0068   1806               M                         BTFSC   PORTB,0
0069   2868               M                         GOTO    $-1
006A   20AF               M                         CALL    SUBT25MS
006B   1C06               M                         BTFSS   PORTB,0
006C   286B               M                         GOTO    $-1
006D   20AF               M                         CALL    SUBT25MS
006E   01A5           00068                                         CLRF                    UNIDADES
006F   01A6           00069                                         CLRF                    DECENAS
0070   01A7           00070                                         CLRF                    CENTENAS
                      00071 
                      00072 ;******************EXTRAER CENTENAS*********************************
0071   3064           00073 RESTA100:                       MOVLW                   .100
0072   02A1           00074                                         SUBWF                   0X21,F
0073   1C03           00075                                         BTFSS                   STATUS,C
MPASM  5.51                       INT_EXT.ASM   6-11-2021  19:23:34         PAGE  8


LOC  OBJECT CODE     LINE SOURCE TEXT
  VALUE

0074   2877           00076                                         GOTO                    SUMA100
0075   0AA7           00077                                         INCF                    CENTENAS,F
0076   2871           00078                                         GOTO                    RESTA100
0077   3064           00079 SUMA100:                        MOVLW                   .100
0078   07A1           00080                                         ADDWF                   0X21,F
                      00081 
                      00082 ;******************EXTRAER DECENAS*********************************
0079   300A           00083 RESTA10:                        MOVLW                   .10
007A   02A1           00084                                         SUBWF                   0X21,F
007B   1C03           00085                                         BTFSS                   STATUS,C
007C   287F           00086                                         GOTO                    SUMA10
007D   0AA6           00087                                         INCF                    DECENAS,F
007E   2879           00088                                         GOTO                    RESTA10
007F   300A           00089 SUMA10:                         MOVLW                   .10
0080   07A1           00090                                         ADDWF                   0X21,F
                      00091 
                      00092 ;******************EXTRAER UNIDADES*********************************
0081   0821           00093                                         MOVF                    0X21,W
0082   00A5           00094                                         MOVWF                   UNIDADES
                      00095 
0083   1683           00096                                         BSF                             STATUS,RP0
Message[302]: Register in operand not in bank 0.  Ensure that bank bits are correct.
0084   0986           00097                                         COMF                    TRISB,F                         ;PUERTO 
                            B COMO ENTRADA PARA ENVIAR COMANDOS LCD
0085   1283           00098                                         BCF                             STATUS,RP0
                      00099                         
                      00100 ;***************DE BCD A DECIMAL USANDO CAR ASCII*****************              
0086   3030           00101                                         MOVLW                   0X30                            ;EN CODI
                            GO ASCII LOS NUMERO EMPIEZAN DESDE LA POSICION 0X30
0087   07A5           00102                                         ADDWF                   UNIDADES,F
0088   07A6           00103                                         ADDWF                   DECENAS,F
0089   07A7           00104                                         ADDWF                   CENTENAS,F
                      00105                                 
                      00106                                         FILA2_POSICION  .13                                     ;UBICAMO
                            S EL CURSOR EN LA FILA 2 COLUMNA 14
008A   304D               M                                         MOVLW                   0X40+.13                                
                                    ;POSICIONARSE EN LA SEGUNDA FILA
008B   2101               M                                         CALL                    DIRECCION_DDRAM
008C   0827           00107                                         MOVF                    CENTENAS,W
008D   2103           00108                                         CALL                    ESCRIBE_CARACTER        ;ESCRIBE CARACTE
                            R DE CENTENAS EN LA POSICION 14
008E   0826           00109                                         MOVF                    DECENAS,W                               
                                            
008F   2103           00110                                         CALL                    ESCRIBE_CARACTER        ;ESCRIBE CARACTE
                            R DE DECENAS EN LA POSICION 15
0090   0825           00111                                         MOVF                    UNIDADES,W
0091   2103           00112                                         CALL                    ESCRIBE_CARACTER        ;ESCRIBE CARACTE
                            R DE UNIDADES EN LA POSICION 16
                      00113 
                      00114                                 
0092   1683           00115                                         BSF                             STATUS,RP0                      
                            ;BANCO 1
Message[302]: Register in operand not in bank 0.  Ensure that bank bits are correct.
MPASM  5.51                       INT_EXT.ASM   6-11-2021  19:23:34         PAGE  9


LOC  OBJECT CODE     LINE SOURCE TEXT
  VALUE

0093   0986           00116                                         COMF                    TRISB,F                         ;PUERTO 
                            B COMO ENTRADA
0094   1283           00117                                         BCF                             STATUS,RP0                      
                            ;BANCO 0
                      00118                                         
0095   108B           00119                                         BCF                             INTCON,INTF                     
                            ;LIMPIAMOS LA BANDERA DE INTERRUPCION   
                      00120                                 
                      00121                                         RESTORE_REG                                                     
                            ;RESTAURAMOS LOS REGISTROS DE INTERES
0096   0875               M                         MOVF                    0X75,W
0097   00E0               M                         MOVWF                   0X60
0098   0876               M                         MOVF                    0X76,W
0099   00E1               M                         MOVWF                   0X61
009A   0877               M                         MOVF                    0X77,W
009B   00E2               M                         MOVWF                   0X62
009C   0878               M                         MOVF                    0X78,W
009D   00E3               M                         MOVWF                   0X63
009E   0878               M                         MOVF                    0X78,W
009F   00E4               M                         MOVWF                   0X64
00A0   087A               M                         MOVF                    0X7A,W
00A1   00E5               M                         MOVWF                   0X65
00A2   087B               M                         MOVF                    0X7B,W
00A3   00E6               M                         MOVWF                   0X66
00A4   087C               M                         MOVF                    0X7C,W
00A5   00E7               M                         MOVWF                   0X67
00A6   087D               M                         MOVF                    0X7D,W
00A7   00E8               M                         MOVWF                   0X68
00A8   0872               M                         MOVF                    SAVE_PC,W
00A9   008A               M                         MOVWF                   PCLATH
00AA   0E71               M                         SWAPF                   SAVE_STATUS,W
00AB   0083               M                         MOVWF                   STATUS
00AC   0EF0               M                         SWAPF                   SAVE_W,F
00AD   0E70               M                         SWAPF                   SAVE_W,W
00AE   0009           00122                                         RETFIE                                                          
                            ;REGRESAMOS DE LA INTERRUPCION
                      00123                                         
                      00124 ;-------------------------SUBRUTINAS----------------------------------
                      00125 SUBT25MS:                       RETARDO_3V              .3,.47,.25
00AF   3003               M                 MOVLW           .3                              ;VAR1
00B0   00E4               M                 MOVWF           0X64
00B1   302F               M                 MOVLW           .47                             ;VAR2
00B2   00E5               M                 MOVWF           0X65                    
00B3   3019               M                 MOVLW           .25                             ;VAR3
00B4   0099               M                 MOVWF           .25
00B5   20C9               M                 CALL            ST3V
00B6   0008           00126                                         RETURN
                      00127 ;---------------------------TABLAS------------------------------------
                      00128 ;---------------------------LIBRERIAS--------------------------------
                      00129                                         INCLUDE         <D:\Archivos\Programacion\Microcontroladores\PIC
                            \ASSEMBLER\MPASM\PIC16F887\LIBRERIAS\LIBRERIA_RETARDOS.asm>
                      00001 ;                       MOVLW           .                       ;VAR2
                      00002 ;                       MOVWF           0X61
MPASM  5.51                       INT_EXT.ASM   6-11-2021  19:23:34         PAGE 10


LOC  OBJECT CODE     LINE SOURCE TEXT
  VALUE

                      00003 ;                       MOVLW           .                       ;VAR1
                      00004 ;                       MOVWF           0X62
                      00005 ;                       CALL            ST2V
                      00006 ;                       RETURN
                      00007 ;;---------------------------------------------------------
                      00008 ;                       MOVLW           .                       ;VAR1
                      00009 ;                       MOVWF           0X64
                      00010 ;                       MOVLW           .                       ;VAR2
                      00011 ;                       MOVWF           0X65            
                      00012 ;                       MOVLW           .                       ;VAR3
                      00013 ;                       MOVWF           0X66
                      00014 ;                       CALL            ST3V
                      00015 
                      00016 ;SUBT25MS:              SUBT3V          .3,.47,.25   ;RETARDO DE 25mS PARA EL USO DE LA FUNCION ANTIREBO
                            TES     
                      00017 
                      00018 ;--------------------RUTINA DE TIEMPO 1 VAR---------------
                      00019 
00B7   0000           00020 ST1V:                   NOP
00B8   0000           00021                         NOP
00B9   0000           00022                         NOP 
00BA   0000           00023                         NOP
00BB   0BE0           00024                         DECFSZ          0X60,F
00BC   28B7           00025                         GOTO            ST1V
00BD   0008           00026                         RETURN
                      00027 
                      00028                         
                      00029 ;SUBRUTINA DE TIEMPO DE 2 VARIABLES
00BE   0862           00030 ST2V:                   MOVF            0X62,W
00BF   00E3           00031                         MOVWF           0X63
00C0   0000           00032 DECRE2V:                NOP
00C1   0000           00033                         NOP
00C2   0000           00034                         NOP
00C3   0000           00035                         NOP
00C4   0BE3           00036                         DECFSZ          0X63,F
00C5   28C0           00037                         GOTO            DECRE2V
00C6   0BE1           00038                         DECFSZ          0X61,F
00C7   28BE           00039                         GOTO            ST2V
00C8   0008           00040                         RETURN
                      00041 
                      00042                         
                      00043 ;SUBRUTINA DE TIEMPO DE 3 VARIABLES
00C9   0866           00044 ST3V:                   MOVF            0X66,W
00CA   00E7           00045                         MOVWF           0X67
00CB   0865           00046 RECARGA3V:              MOVF            0X65,W
00CC   00E8           00047                         MOVWF           0X68
00CD   0000           00048 DECRE3V:                NOP
00CE   0000           00049                         NOP
00CF   0000           00050                         NOP
00D0   0000           00051                         NOP
00D1   0BE8           00052                         DECFSZ          0X68,F
00D2   28CD           00053                         GOTO            DECRE3V
00D3   0BE7           00054                         DECFSZ          0X67,F
MPASM  5.51                       INT_EXT.ASM   6-11-2021  19:23:34         PAGE 11


LOC  OBJECT CODE     LINE SOURCE TEXT
  VALUE

00D4   28CB           00055                         GOTO            RECARGA3V
00D5   0BE4           00056                         DECFSZ          0X64,F
00D6   28C9           00057                         GOTO            ST3V
00D7   0008           00058                         RETURN
                      00059 
                      00130                                         INCLUDE         <D:\Archivos\Programacion\Microcontroladores\PIC
                            \ASSEMBLER\MPASM\PIC16F887\LIBRERIAS\LIBRERIA_LCD.asm>          
                      00001 ;--------------------------SUBRUTINAS--------------------------------
                      00002 INIT_LCD:                       RETARDO_2V              .61,.232                        ;100mS
00D8   303D               M                 MOVLW           .61
00D9   00E1               M                 MOVWF           0X61
00DA   30E8               M                 MOVLW           .232
00DB   00E2               M                 MOVWF           0X62
00DC   20BE               M                 CALL            ST2V
00DD   2119           00003                                         CALL                    MINISALUDO
00DE   2119           00004                                         CALL                    MINISALUDO
00DF   2119           00005                                         CALL                    MINISALUDO
00E0   3002           00006                                         MOVLW                   B'00000010'
00E1   0086           00007                                         MOVWF                   PORTB
00E2   2122           00008                                         CALL                    ACTIVA_E
00E3   20E9           00009                                         CALL                    FUNCTION_SET
00E4   20EB           00010                                         CALL                    LCD_OFF
00E5   20ED           00011                                         CALL                    LIMPIA_LCD
00E6   20EF           00012                                         CALL                    ENTRY_MODE
00E7   20F1           00013                                         CALL                    LCD_ON  
00E8   0008           00014                                         RETURN                                                          
                      00015 
00E9   3028           00016 FUNCTION_SET:           MOVLW                   B'00101000'                     ;4BITS, 2FILAS, 5X7 PIXE
                            LS      
00EA   290F           00017                                         GOTO                    ESCRIBE_DATO
                      00018 
00EB   3008           00019 LCD_OFF:                        MOVLW                   B'00001000'                     
00EC   290F           00020                                         GOTO                    ESCRIBE_DATO
                      00021 
00ED   3001           00022 LIMPIA_LCD:                     MOVLW                   B'00000001'
00EE   290F           00023                                         GOTO                    ESCRIBE_DATO
                      00024 
00EF   3006           00025 ENTRY_MODE:                     MOVLW                   B'00000110'                     ;NO RECORRE INFO
                            RMACION AL ESCRIBIR,APUNTADOR CON INCREMENTE
00F0   290F           00026                                         GOTO                    ESCRIBE_DATO
                      00027 
00F1   300C           00028 LCD_ON:                         MOVLW                   B'00001100'
00F2   290F           00029                                         GOTO                    ESCRIBE_DATO
                      00030 
00F3   300E           00031 LCD_ON_CURSOR:          MOVLW                   B'00001110'
00F4   290F           00032                                         GOTO                    ESCRIBE_DATO    
                      00033 
00F5   300F           00034 LCD_ON_CURS_BLINK:  MOVLW                       B'00001111'
00F6   290F           00035                                         GOTO                    ESCRIBE_DATO
                      00036 
00F7   3002           00037 HOME:                           MOVLW                   B'00000010'
00F8   290F           00038                                         GOTO                    ESCRIBE_DATO    
                      00039 
MPASM  5.51                       INT_EXT.ASM   6-11-2021  19:23:34         PAGE 12


LOC  OBJECT CODE     LINE SOURCE TEXT
  VALUE

00F9   301C           00040 RECORRE_DER_LCD:        MOVLW                   B'00011100'
00FA   290F           00041                                         GOTO                    ESCRIBE_DATO    
                      00042 
00FB   3018           00043 RECORRE_IZQ_LCD:        MOVLW                   B'00011000'
00FC   290F           00044                                         GOTO                    ESCRIBE_DATO    
                      00045 
00FD   3014           00046 RECORRE_DER_CUR:        MOVLW                   B'00010100'
00FE   290F           00047                                         GOTO                    ESCRIBE_DATO    
                      00048 
00FF   3010           00049 RECORRE_IZQ_CUR:        MOVLW                   B'00010000'
0100   290F           00050                                         GOTO                    ESCRIBE_DATO
                      00051 
0101   3880           00052 DIRECCION_DDRAM:        IORLW                   B'10000000'
0102   290F           00053                                         GOTO                    ESCRIBE_DATO
                      00054         
0103   00AA           00055 ESCRIBE_CARACTER:       MOVWF                   DATO
0104   0E2A           00056                                         SWAPF                   DATO,W
0105   390F           00057                                         ANDLW                   B'00001111'
0106   0086           00058                                         MOVWF                   PORTB
0107   1606           00059                                         RS_1
0108   2122           00060                                         CALL                    ACTIVA_E                        ;ENVIAR 
                            LOS 4BITS MSB
0109   082A           00061                                         MOVF                    DATO,W
010A   390F           00062                                         ANDLW                   B'00001111'
010B   0086           00063                                         MOVWF                   PORTB
010C   1606           00064                                         RS_1
010D   2122           00065                                         CALL                    ACTIVA_E                        ;ENVIAR 
                            LOS 4BITS LSB
010E   0008           00066                                         RETURN 
                      00067 
010F   00AA           00068 ESCRIBE_DATO:           MOVWF                   DATO
0110   0E2A           00069                                         SWAPF                   DATO,W
0111   390F           00070                                         ANDLW                   B'00001111'
0112   0086           00071                                         MOVWF                   PORTB
0113   2122           00072                                         CALL                    ACTIVA_E                        ;ENVIAR 
                            LOS 4BITS MSB
0114   082A           00073                                         MOVF                    DATO,W
0115   390F           00074                                         ANDLW                   B'00001111'
0116   0086           00075                                         MOVWF                   PORTB
0117   2122           00076                                         CALL                    ACTIVA_E                        ;ENVIAR 
                            LOS 4BITS LSB
0118   0008           00077                                         RETURN 
                      00078 
                      00079                                         
0119   3003           00080 MINISALUDO:                     MOVLW                   B'00000011'
011A   0086           00081                                         MOVWF                   PORTB
011B   2122           00082                                         CALL                    ACTIVA_E
                      00083                                         RETARDO_2V              .4,.156                         ;5mS
011C   3004               M                 MOVLW           .4
011D   00E1               M                 MOVWF           0X61
011E   309C               M                 MOVLW           .156
011F   00E2               M                 MOVWF           0X62
0120   20BE               M                 CALL            ST2V
MPASM  5.51                       INT_EXT.ASM   6-11-2021  19:23:34         PAGE 13


LOC  OBJECT CODE     LINE SOURCE TEXT
  VALUE

0121   0008           00084                                         RETURN
                      00085 
0122   1686           00086 ACTIVA_E:                       E_1
0123   0000           00087                                         NOP
0124   0000           00088                                         NOP
0125   0000           00089                                         NOP
0126   0000           00090                                         NOP
0127   0000           00091                                         NOP
0128   1286           00092                                         E_0
                      00093                                         RETARDO_2V              .35,.8
0129   3023               M                 MOVLW           .35
012A   00E1               M                 MOVWF           0X61
012B   3008               M                 MOVLW           .8
012C   00E2               M                 MOVWF           0X62
012D   20BE               M                 CALL            ST2V
012E   0008           00094                                         RETURN
                      00095 
                      00096 
                      00097 
                      00098 ;-------------------SUBRUTINA PARA ESCRIBIR MENSAJES----------------------------------------------------
                            --------------------------------
                      00099 
                      00100                 
012F   01A0           00101 MENSAJE_FILA1                           CLRF                    0X20
0130   0820           00102 TABLA1:                         MOVF                    0X20,W
0131   2020           00103                                         CALL                    LCD_FILA1
0132   2103           00104                                         CALL                    ESCRIBE_CARACTER
0133   0AA0           00105                                         INCF                    0X20,F
0134   3010           00106                                         MOVLW                   .16
0135   0620           00107                                         XORWF                   0X20,W
0136   1D03           00108                                         BTFSS                   STATUS,Z
0137   2930           00109                                         GOTO                    TABLA1
0138   0008           00110                                         RETURN                                  
                      00111 
                      00112 
0139   01A0           00113 MENSAJE_FILA2                           CLRF                    0X20
013A   0820           00114 TABLA2:                         MOVF                    0X20,W
013B   2031           00115                                         CALL                    LCD_FILA2
013C   2103           00116                                         CALL                    ESCRIBE_CARACTER
013D   0AA0           00117                                         INCF                    0X20,F
013E   3010           00118                                         MOVLW                   .16
013F   0620           00119                                         XORWF                   0X20,W
0140   1D03           00120                                         BTFSS                   STATUS,Z
0141   293A           00121                                         GOTO                    TABLA2
0142   0008           00122                                         RETURN
                      00123 
                      00124 
                      00125 
                      00131                                         END
MPASM  5.51                       INT_EXT.ASM   6-11-2021  19:23:34         PAGE 14


SYMBOL TABLE
  LABEL                             VALUE 

ABDEN                             00000000
ABDOVF                            00000007
ACKDT                             00000005
ACKEN                             00000004
ACKSTAT                           00000006
ACTIVA_E                          00000122
ADCON0                            0000001F
ADCON1                            0000009F
ADCS0                             00000006
ADCS1                             00000007
ADDEN                             00000003
ADFM                              00000007
ADIE                              00000006
ADIF                              00000006
ADON                              00000000
ADRESH                            0000001E
ADRESL                            0000009E
ANS0                              00000000
ANS1                              00000001
ANS10                             00000002
ANS11                             00000003
ANS12                             00000004
ANS13                             00000005
ANS2                              00000002
ANS3                              00000003
ANS4                              00000004
ANS5                              00000005
ANS6                              00000006
ANS7                              00000007
ANS8                              00000000
ANS9                              00000001
ANSEL                             00000188
ANSELH                            00000189
BAUDCTL                           00000187
BCLIE                             00000003
BCLIF                             00000003
BF                                00000000
BRG0                              00000000
BRG1                              00000001
BRG10                             00000002
BRG11                             00000003
BRG12                             00000004
BRG13                             00000005
BRG14                             00000006
BRG15                             00000007
BRG16                             00000003
BRG2                              00000002
BRG3                              00000003
BRG4                              00000004
BRG5                              00000005
BRG6                              00000006
BRG7                              00000007
BRG8                              00000000
MPASM  5.51                       INT_EXT.ASM   6-11-2021  19:23:34         PAGE 15


SYMBOL TABLE
  LABEL                             VALUE 

BRG9                              00000001
BRGH                              00000002
C                                 00000000
C1CH0                             00000000
C1CH1                             00000001
C1IE                              00000005
C1IF                              00000005
C1OE                              00000005
C1ON                              00000007
C1OUT                             00000006
C1POL                             00000004
C1R                               00000002
C1RSEL                            00000005
C1SEN                             00000005
C2CH0                             00000000
C2CH1                             00000001
C2IE                              00000006
C2IF                              00000006
C2OE                              00000005
C2ON                              00000007
C2OUT                             00000006
C2POL                             00000004
C2R                               00000002
C2REN                             00000004
C2RSEL                            00000004
C2SYNC                            00000000
CCP1CON                           00000017
CCP1IE                            00000002
CCP1IF                            00000002
CCP1M0                            00000000
CCP1M1                            00000001
CCP1M2                            00000002
CCP1M3                            00000003
CCP1X                             00000005
CCP1Y                             00000004
CCP2CON                           0000001D
CCP2IE                            00000000
CCP2IF                            00000000
CCP2M0                            00000000
CCP2M1                            00000001
CCP2M2                            00000002
CCP2M3                            00000003
CCP2X                             00000005
CCP2Y                             00000004
CCPR1                             00000015
CCPR1H                            00000016
CCPR1L                            00000015
CCPR2                             0000001B
CCPR2H                            0000001C
CCPR2L                            0000001B
CENTENAS                          00000027
CHS0                              00000002
CHS1                              00000003
MPASM  5.51                       INT_EXT.ASM   6-11-2021  19:23:34         PAGE 16


SYMBOL TABLE
  LABEL                             VALUE 

CHS2                              00000004
CHS3                              00000005
CKE                               00000006
CKP                               00000004
CM1CON0                           00000107
CM2CON0                           00000108
CM2CON1                           00000109
CONFIGURACION                     
CREN                              00000004
CSRC                              00000007
D                                 00000005
DATA_ADDRESS                      00000005
DATO                              0000002A
DC                                00000001
DC1B0                             00000004
DC1B1                             00000005
DC2B0                             00000004
DC2B1                             00000005
DECENAS                           00000026
DECRE2V                           000000C0
DECRE3V                           000000CD
DIRECCION_DDRAM                   00000101
D_A                               00000005
D_NOT_A                           00000005
ECCPAS                            0000009C
ECCPAS0                           00000004
ECCPAS1                           00000005
ECCPAS2                           00000006
ECCPASE                           00000007
EEADR                             0000010D
EEADRH                            0000010F
EECON1                            0000018C
EECON2                            0000018D
EEDAT                             0000010C
EEDATA                            0000010C
EEDATH                            0000010E
EEIE                              00000004
EEIF                              00000004
EEPGD                             00000007
ENTRY_MODE                        000000EF
ESCRIBE_CARACTER                  00000103
ESCRIBE_DATO                      0000010F
E_0                               BCF             PORTB,5
E_1                               BSF             PORTB,5
F                                 00000001
FERR                              00000002
FILA1_POSICION                    
FILA2_POSICION                    
FSR                               00000004
FUNCTION_SET                      000000E9
FVREN                             00000000
GCEN                              00000007
GIE                               00000007
MPASM  5.51                       INT_EXT.ASM   6-11-2021  19:23:34         PAGE 17


SYMBOL TABLE
  LABEL                             VALUE 

GO                                00000001
GO_DONE                           00000001
GO_NOT_DONE                       00000001
HOME                              000000F7
HTS                               00000002
I2C_DATA                          00000005
I2C_READ                          00000002
I2C_START                         00000003
I2C_STOP                          00000004
INDF                              00000000
INICIALIZA                        00000042
INIT_LCD                          000000D8
INTCON                            0000000B
INTE                              00000004
INTEDG                            00000006
INTF                              00000001
IOCB                              00000096
IOCB0                             00000000
IOCB1                             00000001
IOCB2                             00000002
IOCB3                             00000003
IOCB4                             00000004
IOCB5                             00000005
IOCB6                             00000006
IOCB7                             00000007
IRCF0                             00000004
IRCF1                             00000005
IRCF2                             00000006
IRP                               00000007
ISR                               00000068
LCD_FILA1                         00000020
LCD_FILA2                         00000031
LCD_OFF                           000000EB
LCD_ON                            000000F1
LCD_ON_CURSOR                     000000F3
LCD_ON_CURS_BLINK                 000000F5
LIMPIA_LCD                        000000ED
LTS                               00000001
MC1OUT                            00000007
MC2OUT                            00000006
MENSAJE_FILA1                     0000012F
MENSAJE_FILA2                     00000139
MINISALUDO                        00000119
MSK                               00000093
MSK0                              00000000
MSK1                              00000001
MSK2                              00000002
MSK3                              00000003
MSK4                              00000004
MSK5                              00000005
MSK6                              00000006
MSK7                              00000007
NOT_A                             00000005
MPASM  5.51                       INT_EXT.ASM   6-11-2021  19:23:34         PAGE 18


SYMBOL TABLE
  LABEL                             VALUE 

NOT_ADDRESS                       00000005
NOT_BO                            00000000
NOT_BOR                           00000000
NOT_DONE                          00000001
NOT_PD                            00000003
NOT_POR                           00000001
NOT_RBPU                          00000007
NOT_RC8                           00000006
NOT_T1SYNC                        00000002
NOT_TO                            00000004
NOT_TX8                           00000006
NOT_W                             00000002
NOT_WRITE                         00000002
OERR                              00000001
OPTION_REG                        00000081
OSCCON                            0000008F
OSCTUNE                           00000090
OSFIE                             00000007
OSFIF                             00000007
OSTS                              00000003
P                                 00000004
P1M0                              00000006
P1M1                              00000007
PCL                               00000002
PCLATH                            0000000A
PCON                              0000008E
PDC0                              00000000
PDC1                              00000001
PDC2                              00000002
PDC3                              00000003
PDC4                              00000004
PDC5                              00000005
PDC6                              00000006
PEIE                              00000006
PEN                               00000002
PIE1                              0000008C
PIE2                              0000008D
PIR1                              0000000C
PIR2                              0000000D
PORTA                             00000005
PORTB                             00000006
PORTC                             00000007
PORTD                             00000008
PORTE                             00000009
PR2                               00000092
PRSEN                             00000007
PS0                               00000000
PS1                               00000001
PS2                               00000002
PSA                               00000003
PSSAC0                            00000002
PSSAC1                            00000003
PSSBD0                            00000000
MPASM  5.51                       INT_EXT.ASM   6-11-2021  19:23:34         PAGE 19


SYMBOL TABLE
  LABEL                             VALUE 

PSSBD1                            00000001
PSTRCON                           0000009D
PULSR                             00000002
PULSS                             00000003
PUSH_ANTIR                        
PWM1CON                           0000009B
R                                 00000002
RA0                               00000000
RA1                               00000001
RA2                               00000002
RA3                               00000003
RA4                               00000004
RA5                               00000005
RA6                               00000006
RA7                               00000007
RB0                               00000000
RB1                               00000001
RB2                               00000002
RB3                               00000003
RB4                               00000004
RB5                               00000005
RB6                               00000006
RB7                               00000007
RBIE                              00000003
RBIF                              00000000
RC0                               00000000
RC1                               00000001
RC2                               00000002
RC3                               00000003
RC4                               00000004
RC5                               00000005
RC6                               00000006
RC7                               00000007
RC8_9                             00000006
RC9                               00000006
RCD8                              00000000
RCEN                              00000003
RCIDL                             00000006
RCIE                              00000005
RCIF                              00000005
RCREG                             0000001A
RCSTA                             00000018
RD                                00000000
RD0                               00000000
RD1                               00000001
RD2                               00000002
RD3                               00000003
RD4                               00000004
RD5                               00000005
RD6                               00000006
RD7                               00000007
RE0                               00000000
RE1                               00000001
MPASM  5.51                       INT_EXT.ASM   6-11-2021  19:23:34         PAGE 20


SYMBOL TABLE
  LABEL                             VALUE 

RE2                               00000002
RE3                               00000003
READ_WRITE                        00000002
RECARGA3V                         000000CB
RECORRE_DER_CUR                   000000FD
RECORRE_DER_LCD                   000000F9
RECORRE_IZQ_CUR                   000000FF
RECORRE_IZQ_LCD                   000000FB
RESTA10                           00000079
RESTA100                          00000071
RESTORE_REG                       
RETARDO_1V                        
RETARDO_2V                        
RETARDO_3V                        
RP0                               00000005
RP1                               00000006
RSEN                              00000001
RS_0                              BCF             PORTB,4
RS_1                              BSF             PORTB,4
RX9                               00000006
RX9D                              00000000
R_NOT_W                           00000002
R_W                               00000002
S                                 00000003
SAVE_PC                           00000072
SAVE_REG                          
SAVE_STATUS                       00000071
SAVE_W                            00000070
SBOREN                            00000004
SCKP                              00000004
SCS                               00000000
SEN                               00000000
SENDB                             00000003
SIETE_SG_KC                       
SMP                               00000007
SPBRG                             00000099
SPBRGH                            0000009A
SPEN                              00000007
SR0                               00000006
SR1                               00000007
SRCON                             00000185
SREN                              00000005
SSPADD                            00000093
SSPBUF                            00000013
SSPCON                            00000014
SSPCON2                           00000091
SSPEN                             00000005
SSPIE                             00000003
SSPIF                             00000003
SSPM0                             00000000
SSPM1                             00000001
SSPM2                             00000002
SSPM3                             00000003
MPASM  5.51                       INT_EXT.ASM   6-11-2021  19:23:34         PAGE 21


SYMBOL TABLE
  LABEL                             VALUE 

SSPMSK                            00000093
SSPOV                             00000006
SSPSTAT                           00000094
ST1V                              000000B7
ST2V                              000000BE
ST3V                              000000C9
STATUS                            00000003
STRA                              00000000
STRB                              00000001
STRC                              00000002
STRD                              00000003
STRSYNC                           00000004
SUBT25MS                          000000AF
SUMA10                            0000007F
SUMA100                           00000077
SWDTEN                            00000000
SYNC                              00000004
T0CS                              00000005
T0IE                              00000005
T0IF                              00000002
T0SE                              00000004
T1CKPS0                           00000004
T1CKPS1                           00000005
T1CON                             00000010
T1GINV                            00000007
T1GIV                             00000007
T1GSS                             00000001
T1INSYNC                          00000002
T1OSCEN                           00000003
T1SYNC                            00000002
T2CKPS0                           00000000
T2CKPS1                           00000001
T2CON                             00000012
TABLA1                            00000130
TABLA2                            0000013A
TABLA_LCD                         0000001F
TMR0                              00000001
TMR0IE                            00000005
TMR0IF                            00000002
TMR1                              0000000E
TMR1CS                            00000001
TMR1GE                            00000006
TMR1H                             0000000F
TMR1IE                            00000000
TMR1IF                            00000000
TMR1L                             0000000E
TMR1ON                            00000000
TMR2                              00000011
TMR2IE                            00000001
TMR2IF                            00000001
TMR2ON                            00000002
TOUTPS0                           00000003
TOUTPS1                           00000004
MPASM  5.51                       INT_EXT.ASM   6-11-2021  19:23:34         PAGE 22


SYMBOL TABLE
  LABEL                             VALUE 

TOUTPS2                           00000005
TOUTPS3                           00000006
TRISA                             00000085
TRISA0                            00000000
TRISA1                            00000001
TRISA2                            00000002
TRISA3                            00000003
TRISA4                            00000004
TRISA5                            00000005
TRISA6                            00000006
TRISA7                            00000007
TRISB                             00000086
TRISB0                            00000000
TRISB1                            00000001
TRISB2                            00000002
TRISB3                            00000003
TRISB4                            00000004
TRISB5                            00000005
TRISB6                            00000006
TRISB7                            00000007
TRISC                             00000087
TRISC0                            00000000
TRISC1                            00000001
TRISC2                            00000002
TRISC3                            00000003
TRISC4                            00000004
TRISC5                            00000005
TRISC6                            00000006
TRISC7                            00000007
TRISD                             00000088
TRISD0                            00000000
TRISD1                            00000001
TRISD2                            00000002
TRISD3                            00000003
TRISD4                            00000004
TRISD5                            00000005
TRISD6                            00000006
TRISD7                            00000007
TRISE                             00000089
TRISE0                            00000000
TRISE1                            00000001
TRISE2                            00000002
TRISE3                            00000003
TRMT                              00000001
TUN0                              00000000
TUN1                              00000001
TUN2                              00000002
TUN3                              00000003
TUN4                              00000004
TX8_9                             00000006
TX9                               00000006
TX9D                              00000000
TXD8                              00000000
MPASM  5.51                       INT_EXT.ASM   6-11-2021  19:23:34         PAGE 23


SYMBOL TABLE
  LABEL                             VALUE 

TXEN                              00000005
TXIE                              00000004
TXIF                              00000004
TXREG                             00000019
TXSTA                             00000098
UA                                00000001
ULPWUE                            00000005
ULPWUIE                           00000002
ULPWUIF                           00000002
UNIDADES                          00000025
VCFG0                             00000004
VCFG1                             00000005
VECTOR_INTERRUPCION               
VR0                               00000000
VR1                               00000001
VR2                               00000002
VR3                               00000003
VRCON                             00000097
VREN                              00000007
VROE                              00000006
VRR                               00000005
VRSS                              00000004
W                                 00000000
WCOL                              00000007
WDTCON                            00000105
WDTPS0                            00000001
WDTPS1                            00000002
WDTPS2                            00000003
WDTPS3                            00000004
WPUB                              00000095
WPUB0                             00000000
WPUB1                             00000001
WPUB2                             00000002
WPUB3                             00000003
WPUB4                             00000004
WPUB5                             00000005
WPUB6                             00000006
WPUB7                             00000007
WR                                00000001
WREN                              00000002
WRERR                             00000003
WUE                               00000001
Z                                 00000002
_BOR21V                           00003EFF
_BOR40V                           00003FFF
_BOR4V_BOR21V                     00003EFF
_BOR4V_BOR40V                     00003FFF
_BOREN_NSLEEP                     00003EFF
_BOREN_OFF                        00003CFF
_BOREN_ON                         00003FFF
_BOREN_SBODEN                     00003DFF
_BOR_NSLEEP                       00003EFF
_BOR_OFF                          00003CFF
MPASM  5.51                       INT_EXT.ASM   6-11-2021  19:23:34         PAGE 24


SYMBOL TABLE
  LABEL                             VALUE 

_BOR_ON                           00003FFF
_BOR_SBODEN                       00003DFF
_CONFIG1                          00002007
_CONFIG2                          00002008
_CPD_OFF                          00003FFF
_CPD_ON                           00003F7F
_CP_OFF                           00003FFF
_CP_ON                            00003FBF
_DEBUG_OFF                        00003FFF
_DEBUG_ON                         00001FFF
_DEVID1                           00002006
_EC_OSC                           00003FFB
_EXTRC                            00003FFF
_EXTRCIO                          00003FFE
_EXTRC_OSC_CLKOUT                 00003FFF
_EXTRC_OSC_NOCLKOUT               00003FFE
_FCMEN_OFF                        000037FF
_FCMEN_ON                         00003FFF
_FOSC_EC                          00003FFB
_FOSC_EXTRC_CLKOUT                00003FFF
_FOSC_EXTRC_NOCLKOUT              00003FFE
_FOSC_HS                          00003FFA
_FOSC_INTRC_CLKOUT                00003FFD
_FOSC_INTRC_NOCLKOUT              00003FFC
_FOSC_LP                          00003FF8
_FOSC_XT                          00003FF9
_HS_OSC                           00003FFA
_IDLOC0                           00002000
_IDLOC1                           00002001
_IDLOC2                           00002002
_IDLOC3                           00002003
_IESO_OFF                         00003BFF
_IESO_ON                          00003FFF
_INTOSC                           00003FFD
_INTOSCIO                         00003FFC
_INTRC_OSC_CLKOUT                 00003FFD
_INTRC_OSC_NOCLKOUT               00003FFC
_LP_OSC                           00003FF8
_LVP_OFF                          00002FFF
_LVP_ON                           00003FFF
_MCLRE_OFF                        00003FDF
_MCLRE_ON                         00003FFF
_PWRTE_OFF                        00003FFF
_PWRTE_ON                         00003FEF
_WDTE_OFF                         00003FF7
_WDTE_ON                          00003FFF
_WDT_OFF                          00003FF7
_WDT_ON                           00003FFF
_WRT_1FOURTH                      00003BFF
_WRT_256                          00003DFF
_WRT_HALF                         000039FF
_WRT_OFF                          00003FFF
_XT_OSC                           00003FF9
MPASM  5.51                       INT_EXT.ASM   6-11-2021  19:23:34         PAGE 25


SYMBOL TABLE
  LABEL                             VALUE 

__16F887                          00000001
__DEBUG                           1


MEMORY USAGE MAP ('X' = Used,  '-' = Unused)

0000 : X---XXXXXXXXXXXX XXXXXXXXXXXXXXXX XXXXXXXXXXXXXXXX XXXXXXXXXXXXXXXX
0040 : XXXXXXXXXXXXXXXX XXXXXXXXXXXXXXXX XXXXXXXXXXXXXXXX XXXXXXXXXXXXXXXX
0080 : XXXXXXXXXXXXXXXX XXXXXXXXXXXXXXXX XXXXXXXXXXXXXXXX XXXXXXXXXXXXXXXX
00C0 : XXXXXXXXXXXXXXXX XXXXXXXXXXXXXXXX XXXXXXXXXXXXXXXX XXXXXXXXXXXXXXXX
0100 : XXXXXXXXXXXXXXXX XXXXXXXXXXXXXXXX XXXXXXXXXXXXXXXX XXXXXXXXXXXXXXXX
0140 : XXX------------- ---------------- ---------------- ----------------
2000 : -------XX------- ---------------- ---------------- ----------------

All other memory blocks unused.

Program Memory Words Used:   320
Program Memory Words Free:  7872


Errors   :     0
Warnings :     3 reported,     0 suppressed
Messages :    12 reported,     0 suppressed

