MPASM  5.51                           PWM.ASM   2-14-2022  20:05:35         PAGE  1


LOC  OBJECT CODE     LINE SOURCE TEXT
  VALUE

                      00001 ;DESCRIPCION:
                      00002 ;DEBE TENER CONECTADO UN TECLADO MATRIVILA DE 4X4 EN EL PUERTO B, CUANDO
                      00003 ;SE APRIETE CUALQUIER TECHA DEBERA INTERRUMPIR Y GENERAR EN VALOR DISTINTO DE PWM 
                      00004 ;( A 1 KHZ) QUE SE MOSTRARA EN EL OSCILOSCOPIO
                      00005 
                      00006 ;EN EL PROGRAMA PRINCIPAL ESTARA DE FORMA PERMANENTE EL CONTADO DE
                      00007 ; 00 A 99 POR LOD DISPLAYS DE 7 SEGMENTOS.
                      00008 ;---------------------------MACROS----------------------------
                      00009 ;---------------------------DEFINE----------------------------
                      00010 ;----------------------------EQU------------------------------
  00000023            00011 CONT5           EQU 0X23
  00000024            00012 ALEATORIO       EQU     0X24
  00000028            00013 CONT_T0         EQU     0X28
  00000029            00014 DECIMAL         EQU 0X29
  00000030            00015 NUMERO          EQU 0X30
                      00016 
  0000002C            00017 ESTADO_PB       EQU     0X2C
  0000002D            00018 ES_NUEVO_PB EQU 0X2D
                      00019 
  0000002E            00020 TECLADO4X4      EQU 0X2E
  0000002F            00021 CONT_TECL       EQU     0X2F
                      00022 
                      00023 ;---------------------------CBLOCK----------------------------
Warning[205]: Found directive in column 1. (CBLOCK)
                      00024 CBLOCK          0X25
  00000025            00025                                         UNIDADES,DECENAS,CENTENAS
                      00026                         ENDC
                      00027 ;---------------------------HEADER----------------------------
                      00028                                         INCLUDE         <D:\Archivos\Programacion\Microcontroladores\PIC
                            \ASSEMBLER\MPASM\PIC16F887\LIBRERIAS\MACROS_INTERRUPT.ASM>      ;MACRO PARA EL USO DE INTERRUPCI
                      00001 ;GUARDAR VARIABLES STATUS,PC,W,VARIABLE DE RETARDO
Warning[205]: Found directive in column 1. (CBLOCK)
                      00002 CBLOCK          0X70
  00000070            00003                                                                 SAVE_W,SAVE_STATUS,SAVE_PC
Warning[205]: Found directive in column 1. (ENDC)
                      00004 ENDC
                      00005 
                      00006 
                      00007 SAVE_REG        MACRO
                      00008                         MOVWF           SAVE_W
                      00009                         SWAPF           STATUS,W
                      00010                         MOVWF           SAVE_STATUS
                      00011                         CLRF            STATUS
                      00012                         MOVF            PCLATH,W
                      00013                         MOVWF           SAVE_PC
                      00014                         MOVF            0X60,W
                      00015                         MOVWF           0X75
                      00016                         MOVF            0X61,W
                      00017                         MOVWF           0X76 
                      00018                         MOVF            0X61,W
                      00019                         MOVWF           0X76
                      00020                         MOVF            0X62,W
                      00021                         MOVWF           0X77
MPASM  5.51                           PWM.ASM   2-14-2022  20:05:35         PAGE  2


LOC  OBJECT CODE     LINE SOURCE TEXT
  VALUE

                      00022                         MOVF            0X63,W
                      00023                         MOVWF           0X78
                      00024                         MOVF            0X64,W
                      00025                         MOVWF           0X79
                      00026                         MOVF            0X65,W
                      00027                         MOVWF           0X7A
                      00028                         MOVF            0X66,W
                      00029                         MOVWF           0X7B
                      00030                         MOVF            0X67,W
                      00031                         MOVWF           0X7C
                      00032                         MOVF            0X68,W
                      00033                         MOVWF           0X7D
                      00034                         ENDM
                      00035 
                      00036 RESTORE_REG MACRO
                      00037                         MOVF                    0X75,W
                      00038                         MOVWF                   0X60
                      00039                         MOVF                    0X76,W
                      00040                         MOVWF                   0X61
                      00041                         MOVF                    0X77,W
                      00042                         MOVWF                   0X62
                      00043                         MOVF                    0X78,W
                      00044                         MOVWF                   0X63
                      00045                         MOVF                    0X78,W
                      00046                         MOVWF                   0X64
                      00047                         MOVF                    0X7A,W
                      00048                         MOVWF                   0X65
                      00049                         MOVF                    0X7B,W
                      00050                         MOVWF                   0X66
                      00051                         MOVF                    0X7C,W
                      00052                         MOVWF                   0X67
                      00053                         MOVF                    0X7D,W
                      00054                         MOVWF                   0X68
                      00055                         MOVF                    SAVE_PC,W
                      00056                         MOVWF                   PCLATH
                      00057                         SWAPF                   SAVE_STATUS,W
                      00058                         MOVWF                   STATUS
                      00059                         SWAPF                   SAVE_W,F
                      00060                         SWAPF                   SAVE_W,W
                      00061                         ENDM
                      00029                                         ;INCLUDE                <D:\Archivos\Programacion\Microcontrolad
                            ores\PIC\ASSEMBLER\MPASM\PIC16F887\LIBRERIAS\MACROS_LCD.ASM>    ;MACRO PARA EL USO DISPLAY LCD
                      00030                                         INCLUDE         <D:\Archivos\Programacion\Microcontroladores\PIC
                            \ASSEMBLER\MPASM\PIC16F887\LIBRERIAS\MACROS_7SEG.ASM>   ;MACRO PARA EL USO DISPLAY 7 SEG        
                      00001 #DEFINE UNIDAD_ENA      BSF     PORTA,0
                      00002 #DEFINE UNIDAD_DIS      BCF     PORTA,0
                      00003 #DEFINE DECENA_ENA      BSF     PORTA,1
                      00004 #DEFINE DECENA_DIS      BCF     PORTA,1
                      00005 
  00000020            00006 UNIDAD          EQU     0X20
  00000021            00007 DECENA          EQU 0X21        
  00000022            00008 CONT60          EQU     0X22
                      00009 
MPASM  5.51                           PWM.ASM   2-14-2022  20:05:35         PAGE  3


LOC  OBJECT CODE     LINE SOURCE TEXT
  VALUE

                      00010 
                      00011 SIETE_SG_KC     MACRO
                      00012 SIETE_SEG:                                              
                      00013                         ADDWF           PCL,F
                      00014 
                      00015                         DT                      0X3F,0X06,0X5B,0X4F,0X66,0X7D,0X07,0X7F,0X6F,0X77,0X7C,0
                            X39,0X5E,0X79,0X71
                      00016                         ENDM
                      00031                                         INCLUDE         <D:\Archivos\Programacion\Microcontroladores\PIC
                            \ASSEMBLER\MPASM\PIC16F887\LIBRERIAS\RETARDOS_MACROS.ASM> ;MACRO DE RETARDO
                      00001 ;---------RETARDO 1 VARIABLE-----------------
                      00002 
                      00003 RETARDO_1V      MACRO           VAR1
                      00004                 MOVLW           VAR1
                      00005                 MOVWF           0X60
                      00006                 CALL            ST1V
                      00007                 ENDM
                      00008 
                      00009 ;---------RETARDO 2 VARIABLES-----------------
                      00010 RETARDO_2V      MACRO           VAR1,VAR2
                      00011                 MOVLW           VAR1
                      00012                 MOVWF           0X61
                      00013                 MOVLW           VAR2
                      00014                 MOVWF           0X62
                      00015                 CALL            ST2V
                      00016                 ENDM
                      00017 
                      00018 ;---------RETARDO 3 VARIABLES-----------------
                      00019 RETARDO_3V      MACRO           VAR1,VAR2,VAR3
                      00020                 MOVLW           VAR1                            ;VAR1
                      00021                 MOVWF           0X64
                      00022                 MOVLW           VAR2                            ;VAR2
                      00023                 MOVWF           0X65                    
                      00024                 MOVLW           VAR3                            ;VAR3
                      00025                 MOVWF           VAR3
                      00026                 CALL            ST3V
                      00027                 ENDM
                      00028 ;---------------------------------------------------
                      00032                                         INCLUDE         <D:\Archivos\Programacion\Microcontroladores\PIC
                            \ASSEMBLER\MPASM\PIC16F887\LIBRERIAS\MACROS_CONFIGURACION_INT.ASM> ;MACRO DE CONFIGURACION BASIC
                      00001 ;PLANTILLA PARA CONFIGURACION BASICA
                      00002 VECTOR_INTERRUPCION             MACRO           
                      00003                                         ORG                     0X0004                  ;VECTOR DE INTER
                            RUPCION
                      00004                                         SAVE_REG                                        ;GUARDAR REGISTR
                            OS DE INTERES
                      00005                                         GOTO            ISR                             ;IR A RUTINA DE 
                            SERVICIO DE INTERRUPCION
                      00006                                 ENDM
                      00007 
                      00008 
                      00009 
                      00010 ;ETIQUETAS | NEMONICOS | OPERANDOS              | COMENTARIOS   
MPASM  5.51                           PWM.ASM   2-14-2022  20:05:35         PAGE  4


LOC  OBJECT CODE     LINE SOURCE TEXT
  VALUE

                      00011 
                      00012 CONFIGURACION           MACRO
                      00013                 
                      00014 INICIALIZA:                     BSF                     STATUS,RP0
                      00015                                         BSF                     STATUS,RP1              ;ACCEDIENDO AL B
                            ANCO 3
                      00016                                         CLRF            ANSEL
                      00017                                         CLRF            ANSELH                  ;TODOS LOS PINES DIGITAL
                            ES
                      00018                         
                      00019                                         BCF                     STATUS,RP1
                      00020                                         BSF                     STATUS,RP0              ;ACCEDIENDO AL B
                            ANCO 1
                      00021                                         CLRF            TRISA                   ;PUERTO A COMO ENTRADA
                      00022                                         CLRF            TRISB                   ;PUERTO B COMO SALIDA
                      00023                                         CLRF            TRISC                   ;PUERTO C COMO ENTRADA
                      00024                                         CLRF            TRISD                   ;PUERTO D COMO SALIDA
                      00025                                         CLRF            TRISE                   ;PUERTO E COMO ENTRADA
                      00026                         
                      00027 
                      00028                                         BCF                     STATUS,RP0              
                      00029                                         BCF                     STATUS,RP1              ;ACCEDIENDO AL B
                            ANCO 0
                      00030                                         CLRF            PORTA                   ;LIMPIAR EL PUERTO A
                      00031                                         CLRF            PORTB                   ;LIMPIAR EL PUERTO B
                      00032                                         CLRF            PORTC                   ;LIMPIAR EL PUERTO C
                      00033                                         CLRF            PORTD                   ;LIMPIAR EL PUERTO D
                      00034                                         CLRF            PORTE                   ;LIMPIAR EL PUERTO E
                      00035                 
                      00036                                         BCF                     STATUS,RP1
                      00037                                         BSF                     STATUS,RP0              ;ACCEDIENDO AL B
                            ANCO 1
                      00038                                         ENDM    
                      00039 
                      00040         PROCESSOR       16F887
2007   23E4           00041                                         __CONFIG        0X2007,23E4
2008   3FFF           00042                                         __CONFIG        0X2008,3FFF
                      00043                                         INCLUDE         <P16F887.INC>   
                      00001         LIST
                      00002 
                      00003 ;==========================================================================
                      00004 ;  MPASM PIC16F887 processor include
                      00005 ; 
                      00006 ;  (c) Copyright 1999-2013 Microchip Technology, All rights reserved
                      00007 ;==========================================================================
                      00008 
                      00809         LIST
0000                  00033                                         ORG                     0X0000                  ;EMPEZAR EN LA D
                            IRECCION 0 DE LA MEMORIA DE PROGRAMA
0000   282F           00034                                         GOTO            INICIALIZA
                      00035                                         VECTOR_INTERRUPCION                     ;SI SE USA INTERRUPCIONE
                            S DESCOMENTAR
0004                      M                                         ORG                     0X0004                  ;VECTOR DE INTER
MPASM  5.51                           PWM.ASM   2-14-2022  20:05:35         PAGE  5


LOC  OBJECT CODE     LINE SOURCE TEXT
  VALUE

                            RUPCION
                          M                                         SAVE_REG                                        ;GUARDAR REGISTR
                            OS DE INTERES
0004   00F0               M                         MOVWF           SAVE_W
0005   0E03               M                         SWAPF           STATUS,W
0006   00F1               M                         MOVWF           SAVE_STATUS
0007   0183               M                         CLRF            STATUS
0008   080A               M                         MOVF            PCLATH,W
0009   00F2               M                         MOVWF           SAVE_PC
000A   0860               M                         MOVF            0X60,W
000B   00F5               M                         MOVWF           0X75
000C   0861               M                         MOVF            0X61,W
000D   00F6               M                         MOVWF           0X76 
000E   0861               M                         MOVF            0X61,W
000F   00F6               M                         MOVWF           0X76
0010   0862               M                         MOVF            0X62,W
0011   00F7               M                         MOVWF           0X77
0012   0863               M                         MOVF            0X63,W
0013   00F8               M                         MOVWF           0X78
0014   0864               M                         MOVF            0X64,W
0015   00F9               M                         MOVWF           0X79
0016   0865               M                         MOVF            0X65,W
0017   00FA               M                         MOVWF           0X7A
0018   0866               M                         MOVF            0X66,W
0019   00FB               M                         MOVWF           0X7B
001A   0867               M                         MOVF            0X67,W
001B   00FC               M                         MOVWF           0X7C
001C   0868               M                         MOVF            0X68,W
001D   00FD               M                         MOVWF           0X7D
001E   287D               M                                         GOTO            ISR                             ;IR A RUTINA DE 
                            SERVICIO DE INTERRUPCION
                      00036                                         SIETE_SG_KC                             ;SI SE USA DISPLAY 7 SEG
                             DESCOMENTAR
001F                      M SIETE_SEG:                                              
001F   0782               M                         ADDWF           PCL,F
                          M 
0020   343F 3406 345B     M                         DT                      0X3F,0X06,0X5B,0X4F,0X66,0X7D,0X07,0X7F,0X6F,0X77,0X7C,0
                            X39,0X5E,0X79,0X71
       344F 3466 347D 
       3407 347F 346F 
       3477 347C 3439 
       345E 3479 3471 
                      00037                                         CONFIGURACION                           ;NOS DEJA EN EL BANCO 1
                          M                 
002F   1683               M INICIALIZA:                     BSF                     STATUS,RP0
0030   1703               M                                         BSF                     STATUS,RP1              ;ACCEDIENDO AL B
                            ANCO 3
Message[302]: Register in operand not in bank 0.  Ensure that bank bits are correct.
0031   0188               M                                         CLRF            ANSEL
Message[302]: Register in operand not in bank 0.  Ensure that bank bits are correct.
0032   0189               M                                         CLRF            ANSELH                  ;TODOS LOS PINES DIGITAL
                            ES
                          M                         
MPASM  5.51                           PWM.ASM   2-14-2022  20:05:35         PAGE  6


LOC  OBJECT CODE     LINE SOURCE TEXT
  VALUE

0033   1303               M                                         BCF                     STATUS,RP1
0034   1683               M                                         BSF                     STATUS,RP0              ;ACCEDIENDO AL B
                            ANCO 1
Message[302]: Register in operand not in bank 0.  Ensure that bank bits are correct.
0035   0185               M                                         CLRF            TRISA                   ;PUERTO A COMO ENTRADA
Message[302]: Register in operand not in bank 0.  Ensure that bank bits are correct.
0036   0186               M                                         CLRF            TRISB                   ;PUERTO B COMO SALIDA
Message[302]: Register in operand not in bank 0.  Ensure that bank bits are correct.
0037   0187               M                                         CLRF            TRISC                   ;PUERTO C COMO ENTRADA
Message[302]: Register in operand not in bank 0.  Ensure that bank bits are correct.
0038   0188               M                                         CLRF            TRISD                   ;PUERTO D COMO SALIDA
Message[302]: Register in operand not in bank 0.  Ensure that bank bits are correct.
0039   0189               M                                         CLRF            TRISE                   ;PUERTO E COMO ENTRADA
                          M                         
                          M 
003A   1283               M                                         BCF                     STATUS,RP0              
003B   1303               M                                         BCF                     STATUS,RP1              ;ACCEDIENDO AL B
                            ANCO 0
003C   0185               M                                         CLRF            PORTA                   ;LIMPIAR EL PUERTO A
003D   0186               M                                         CLRF            PORTB                   ;LIMPIAR EL PUERTO B
003E   0187               M                                         CLRF            PORTC                   ;LIMPIAR EL PUERTO C
003F   0188               M                                         CLRF            PORTD                   ;LIMPIAR EL PUERTO D
0040   0189               M                                         CLRF            PORTE                   ;LIMPIAR EL PUERTO E
                          M                 
0041   1303               M                                         BCF                     STATUS,RP1
0042   1683               M                                         BSF                     STATUS,RP0              ;ACCEDIENDO AL B
                            ANCO 1
                      00038 ;-----------------------CODIGO PRINCIPAL------------------------------
                      00039 ;ETIQUETAS                      |NEMONICOS              | OPERANDOS             | COMENTARIOS   
0043   30F0           00040                                         MOVLW                   0XF0
Message[302]: Register in operand not in bank 0.  Ensure that bank bits are correct.
0044   0086           00041                                         MOVWF                   TRISB
Message[302]: Register in operand not in bank 0.  Ensure that bank bits are correct.
0045   0188           00042                                         CLRF                    TRISD
Message[302]: Register in operand not in bank 0.  Ensure that bank bits are correct.
0046   1005           00043                                         BCF                             TRISA,0
Message[302]: Register in operand not in bank 0.  Ensure that bank bits are correct.
0047   1085           00044                                         BCF                             TRISA,1
0048   30FF           00045                                         MOVLW                   0XFF
Message[302]: Register in operand not in bank 0.  Ensure that bank bits are correct.
0049   0095           00046                                         MOVWF                   WPUB                            ;HABILIT
                            ANDO RESITENCIAS DE PULL UP PUERTO B
                      00047 
                      00048                                 
                      00049 ;************CONFIGURACION INTERRUPCION IOC***************************************
Message[302]: Register in operand not in bank 0.  Ensure that bank bits are correct.
004A   1381           00050                                         BCF                             OPTION_REG,7            ;HABILIT
                            ANDO RESISTENCIAS PULL UP PUERTO B
Message[302]: Register in operand not in bank 0.  Ensure that bank bits are correct.
004B   0996           00051                                         COMF                    IOCB,F                          ;PUERTO 
                            B IOC ACTIVADO
                      00052                                         
                      00053                                         
MPASM  5.51                           PWM.ASM   2-14-2022  20:05:35         PAGE  7


LOC  OBJECT CODE     LINE SOURCE TEXT
  VALUE

                      00054                                         
                      00055 ;************CONFIGURACION PWM PARA 1 KHZ**************************************************             
                                                    
                      00056                                                         
004C   30FA           00057                                         MOVLW                   .250
Message[302]: Register in operand not in bank 0.  Ensure that bank bits are correct.
004D   0092           00058                                         MOVWF                   PR2
004E   1283           00059                                         BCF                             STATUS,RP0                      
                            ;BANCO 0
                      00060                                         
004F   1412           00061                                         BSF                             T2CON,T2CKPS0           ;PRESCAL
                            ER TMR2 = 4
                      00062                                 
0050   1597           00063                                         BSF                             CCP1CON,3                       
                            ;SE SELECCIONA CCP MODO PWM     
0051   1517           00064                                         BSF                             CCP1CON,2
                      00065 
0052   0195           00066                                         CLRF                    CCPR1L                          ;TPWM A 
                            0%
0053   303C           00067                                         MOVLW                   .60
0054   0095           00068                                         MOVWF                   CCPR1L
                      00069 
0055   108C           00070                                         BCF                             PIR1,TMR2IF                     
                            ;BAJAR LA BANDERA DE INTERRUPCION 5MR2
                      00071                         
0056   1512           00072                                         BSF                             T2CON,TMR2ON            ;ENCENDE
                            R TMR2
                      00073 
0057   1C8C           00074                                         BTFSS                   PIR1,TMR2IF                     ;YA SE A
                            CTIVO LA BANDERA TMR2?
0058   2857           00075                                         GOTO                    $-1
                      00076 
0059   1683           00077                                         BSF                             STATUS,RP0                      
                            ;BANCO 1
Message[302]: Register in operand not in bank 0.  Ensure that bank bits are correct.
005A   1107           00078                                         BCF                             TRISC,2                         
                            ;ACTIVAR LA SALIDA DEL PWM
005B   1703           00079                                         BSF                             STATUS,RP1                      
                            ;BANCO 0                                        
                      00080 
005C   0806           00081                                         MOVF                    PORTB,W                         ;LEER EL
                             VALOR DEL PUERTO B, CONDICION DE LAS INTERRUPCIONES IOC
005D   100B           00082                                         BCF                             INTCON,RBIF                     
                            ;LIMPIAR BANDERA DE     IOC
005E   158B           00083                                         BSF                             INTCON,RBIE                     
                            ;HABILITAR INTERRUPCION IOC
005F   178B           00084                                         BSF                             INTCON,GIE                      
                            ;HABILITAR INTERRUPCIONES GLOBALES
                      00085 
                      00086 ;*************************************PROGRAMA PRINCIPAL************************************
                      00087 
0060   01A1           00088 LIMPIA_DEC:                     CLRF                    DECENA                          ;LIMPIAMOS LA VA
                            RIABLE DECENA (0X21)                    
MPASM  5.51                           PWM.ASM   2-14-2022  20:05:35         PAGE  8


LOC  OBJECT CODE     LINE SOURCE TEXT
  VALUE

0061   01A0           00089 LIMPIA_UNI:                     CLRF                    UNIDAD                          ;LIMPIAMOS LA VA
                            RIABLE UNIDAD (0X20)
                      00090 
                      00091                         
0062   303C           00092 RECARGA60:                      MOVLW                   .60
0063   00A2           00093                                         MOVWF                   CONT60                          ;CARGARM
                            OS LA VARIABLE CONT60 CON .60
                      00094 
0064   0820           00095 VISUALIZAR:                     MOVF                    UNIDAD,W                        ;LEEMOS LA VARIA
                            BLE UNIDAD Y LO ALMACENAMOS EN W
0065   201F           00096                                         CALL                    SIETE_SEG                       ;LLAMAMO
                            S A LA RUTINA 7 SEG
0066   0088           00097                                         MOVWF                   PORTD                           ;VISUALI
                            ZAMOS LA UNIDAD POR EL PUERTO D
                      00098 
0067   1405           00099                                         UNIDAD_ENA                                                      
                            ;ENCENDER UNIDADES DISPLAY(ENCENDER TRANSITOR RA0)
0068   20DC           00100                                         CALL                    RETARDO_8mS
0069   1005           00101                                         UNIDAD_DIS                                                      
                            ;ENCENDER UNIDADES DISPLAY(APAGAR TRANSITOR RA0)
                      00102 
006A   0821           00103                                         MOVF                    DECENA,W                        ;LEEMOS 
                            LA VARIABLE UNIDAD Y LO ALMACENAMOS EN W
006B   201F           00104                                         CALL                    SIETE_SEG                       ;LLAMAMO
                            S A LA RUTINA 7 SEG
006C   0088           00105                                         MOVWF                   PORTD                           ;VISUALI
                            ZAMOS LA DECENA POR EL PUERTO D
                      00106 
006D   1485           00107                                         DECENA_ENA                                                      
                            ;ENCENDER DECENAS DISPLAY(ENCENDER TRANSITOR RA1)
006E   20DC           00108                                         CALL                    RETARDO_8mS
006F   1085           00109                                         DECENA_DIS                                                      
                            ;APAGAR DECENAS DISPLAY(APAGAR TRANSITOR RA1)
                      00110                         
0070   0BA2           00111                                         DECFSZ                  CONT60,F                        ;BUCLE P
                            ARA REPETIR 60 VECES LA VISUALIZACION DE LOS DIGITOS
0071   2864           00112                                         GOTO                    VISUALIZAR                      
                      00113                 
0072   0AA0           00114                                         INCF                    UNIDAD,F                        ;INCREME
                            NTAR LA VARIABLE UNIDAD
0073   3009           00115                                         MOVLW                   0X09                    
0074   0620           00116                                         XORWF                   UNIDAD,W                
0075   1D03           00117                                         BTFSS                   STATUS,Z                        ;UNIDAD 
                            == 9?
0076   2862           00118                                         GOTO                    RECARGA60                       ;NO, VE 
                            A REPETIR HASTA QUE SE CUMPLAN LOS 60 SIGLOS
0077   0AA1           00119                                         INCF                    DECENA,F                        ;SI, INC
                            REMENTA DECENA EN UNA UNIDAD, Y LIMPIA UNIDADES
0078   3009           00120                                         MOVLW                   0X09
0079   0621           00121                                         XORWF                   DECENA,W
007A   1D03           00122                                         BTFSS                   STATUS,Z                        ;DECENA 
                            == 9?
007B   2861           00123                                         GOTO                    LIMPIA_UNI                      ;NO, VE 
MPASM  5.51                           PWM.ASM   2-14-2022  20:05:35         PAGE  9


LOC  OBJECT CODE     LINE SOURCE TEXT
  VALUE

                            A LIMPIAR UNIDADES, PERO MANTENER LAS DECENAS 
007C   2860           00124                                         GOTO                    LIMPIA_DEC                      ;SI, VE 
                            Y LIMPIA UNIDADES Y DECENAS
                      00125                                         
                      00126 ;*************************************************************************
                      00127                                         
                      00128 ;------------------SERVICIO DE RUTINA DE INTERRUPCION-----------------
007D                  00129 ISR:                            
                      00130                                         
                      00131 ;**************************INTERRUPCION ON CHANGE*******************************                        
                                    
007D   20D4           00132                                         CALL                    SUBT25MS                        ;RUTINA 
                            ANTIREBOTE
007E   30F0           00133                                         MOVLW                   0XF0
007F   0506           00134                                         ANDWF                   PORTB,W                 
0080   00AE           00135                                         MOVWF                   TECLADO4X4
                      00136                                 
0081   1283           00137                                         BCF                             STATUS,RP0                      
                            ;B1
0082   300F           00138                                         MOVLW                   0X0F
Message[302]: Register in operand not in bank 0.  Ensure that bank bits are correct.
0083   0086           00139                                         MOVWF                   TRISB
Message[302]: Register in operand not in bank 0.  Ensure that bank bits are correct.
0084   1381           00140                                         BCF                             OPTION_REG,7            ;DESACTI
                            VAR PULL UP PUERTO B
0085   1283           00141                                         BCF                             STATUS,RP0                      
                            ;B0
0086   0186           00142                                         CLRF                    PORTB
                      00143 
0087   300F           00144                                         MOVLW                   0X0F
0088   0506           00145                                         ANDWF                   PORTB,W
0089   07AE           00146                                         ADDWF                   TECLADO4X4,F            ;VALORES CONCATE
                            NADOS PARA BUSCAR EN LA TABLA
                      00147                                         
008A   01AF           00148                                         CLRF                    CONT_TECL
                      00149 
008B   082F           00150 BUSCA_TECLA:            MOVF                    CONT_TECL,W
008C   20E2           00151                                         CALL                    TABLA_TECL
008D   062E           00152                                         XORWF                   TECLADO4X4,W
008E   1903           00153                                         BTFSC                   STATUS,Z
008F   2897           00154                                         GOTO                    CAMBIA_PWM
                      00155 
0090   0AAF           00156                                         INCF                    CONT_TECL,F
0091   3010           00157                                         MOVLW                   .16
0092   062F           00158                                         XORWF                   CONT_TECL,W
0093   1D03           00159                                         BTFSS                   STATUS,Z
0094   288B           00160                                         GOTO                    BUSCA_TECLA
0095   3010           00161                                         MOVLW                   .16
0096   00AF           00162                                         MOVWF                   CONT_TECL
                      00163                                 
0097   082F           00164 CAMBIA_PWM:                     MOVF                    CONT_TECL,W             ;NUEVO VALOR DUTY CYCLE
0098   2105           00165                                         CALL                    TABLA_PWM
                      00166 
MPASM  5.51                           PWM.ASM   2-14-2022  20:05:35         PAGE 10


LOC  OBJECT CODE     LINE SOURCE TEXT
  VALUE

0099   0095           00167                                         MOVWF                   CCPR1L
                      00168                                                                                 
009A   300F           00169                                         MOVLW                   0XF
009B   0606           00170                                         XORWF                   PORTB,W
009C   1D03           00171                                         BTFSS                   STATUS,Z
009D   289A           00172                                         GOTO                    $-3
                      00173 
009E   20D4           00174                                         CALL                    SUBT25MS
009F   1683           00175                                         BSF                             STATUS,RP0                      
                            ;B1
00A0   30F0           00176                                         MOVLW                   0XF0
Message[302]: Register in operand not in bank 0.  Ensure that bank bits are correct.
00A1   0086           00177                                         MOVWF                   TRISB
Message[302]: Register in operand not in bank 0.  Ensure that bank bits are correct.
00A2   1381           00178                                         BCF                             OPTION_REG,7
00A3   1283           00179                                         BCF                             STATUS,RP0                      
                            ;B0
                      00180                                         
00A4   0806           00181                                         MOVF                    PORTB,W
00A5   100B           00182                                         BCF                             INTCON,RBIF                     
                            ;LIMPIAR BANDERA DE     IOC
                      00183 
                      00184 FIN_INT:                        RESTORE_REG                                                     ;RESTAUR
                            AMOS LOS REGISTROS DE INTERES
00A6   0875               M                         MOVF                    0X75,W
00A7   00E0               M                         MOVWF                   0X60
00A8   0876               M                         MOVF                    0X76,W
00A9   00E1               M                         MOVWF                   0X61
00AA   0877               M                         MOVF                    0X77,W
00AB   00E2               M                         MOVWF                   0X62
00AC   0878               M                         MOVF                    0X78,W
00AD   00E3               M                         MOVWF                   0X63
00AE   0878               M                         MOVF                    0X78,W
00AF   00E4               M                         MOVWF                   0X64
00B0   087A               M                         MOVF                    0X7A,W
00B1   00E5               M                         MOVWF                   0X65
00B2   087B               M                         MOVF                    0X7B,W
00B3   00E6               M                         MOVWF                   0X66
00B4   087C               M                         MOVF                    0X7C,W
00B5   00E7               M                         MOVWF                   0X67
00B6   087D               M                         MOVF                    0X7D,W
00B7   00E8               M                         MOVWF                   0X68
00B8   0872               M                         MOVF                    SAVE_PC,W
00B9   008A               M                         MOVWF                   PCLATH
00BA   0E71               M                         SWAPF                   SAVE_STATUS,W
00BB   0083               M                         MOVWF                   STATUS
00BC   0EF0               M                         SWAPF                   SAVE_W,F
00BD   0E70               M                         SWAPF                   SAVE_W,W
00BE   0009           00185                                         RETFIE                                                          
                            ;REGRESAMOS DE LA INTERRUPCION
                      00186                                         
                      00187 ;-------------------------SUBRUTINAS----------------------------------
00BF   01A5           00188 BIN_A_DECIMAL:          CLRF                    UNIDADES
MPASM  5.51                           PWM.ASM   2-14-2022  20:05:35         PAGE 11


LOC  OBJECT CODE     LINE SOURCE TEXT
  VALUE

00C0   01A6           00189                                         CLRF                    DECENAS
00C1   01A7           00190                                         CLRF                    CENTENAS
                      00191 
                      00192 ;************************EXTRAER CENTENAS*********************************
00C2   3064           00193 RESTA100:                       MOVLW                   .100
00C3   02B0           00194                                         SUBWF                   NUMERO,F
00C4   1C03           00195                                         BTFSS                   STATUS,C
00C5   28C8           00196                                         GOTO                    SUMA100
00C6   0AA7           00197                                         INCF                    CENTENAS,F
00C7   28C2           00198                                         GOTO                    RESTA100
00C8   3064           00199 SUMA100:                        MOVLW                   .100
00C9   07B0           00200                                         ADDWF                   NUMERO,F
                      00201 
                      00202 ;******************EXTRAER DECENAS*********************************
00CA   300A           00203 RESTA10:                        MOVLW                   .10
00CB   02B0           00204                                         SUBWF                   NUMERO,F
00CC   1C03           00205                                         BTFSS                   STATUS,C
00CD   28D0           00206                                         GOTO                    SUMA10
00CE   0AA6           00207                                         INCF                    DECENAS,F
00CF   28CA           00208                                         GOTO                    RESTA10
00D0   300A           00209 SUMA10:                         MOVLW                   .10
00D1   07B0           00210                                         ADDWF                   NUMERO,F
                      00211 
                      00212 ;******************EXTRAER UNIDADES********************************************************
00D2   0830           00213                                         MOVF                    NUMERO,W
00D3   00A5           00214                                         MOVWF                   UNIDADES
                      00215 
                      00216                                                                 
                      00217 ;;***************DE BCD A DECIMAL USANDO CARACTERES ASCII*****************              
                      00218 ;                                       MOVLW                   0X30                            ;EN CODI
                            GO ASCII LOS NUMERO EMPIEZAN DESDE LA POSICION 0X30
                      00219 ;                                       ADDWF                   UNIDADES,F
                      00220 ;                                       ADDWF                   DECENAS,F
                      00221 ;                                       ADDWF                   CENTENAS,F
                      00222 ;                                       RETURN
                      00223 ;
                      00224 ;IMPRIME_DECIMAL:       MOVF                    CENTENAS,W
                      00225 ;                                       CALL                    IMPRIME_CARACTER        ;ESCRIBE CARACTE
                            R DE CENTENAS EN LA POSICION 14
                      00226 ;                                       MOVF                    DECENAS,W                               
                                            
                      00227 ;                                       CALL                    IMPRIME_CARACTER        ;ESCRIBE CARACTE
                            R DE DECENAS EN LA POSICION 15
                      00228 ;                                       MOVF                    UNIDADES,W
                      00229 ;                                       CALL                    IMPRIME_CARACTER        ;ESCRIBE CARACTE
                            R DE UNIDADES EN LA POSICION 16
                      00230 ;                                       RETURN
                      00231 
                      00232 
                      00233 SUBT25MS:                       RETARDO_3V              .3,.47,.25
00D4   3003               M                 MOVLW           .3                              ;VAR1
00D5   00E4               M                 MOVWF           0X64
00D6   302F               M                 MOVLW           .47                             ;VAR2
MPASM  5.51                           PWM.ASM   2-14-2022  20:05:35         PAGE 12


LOC  OBJECT CODE     LINE SOURCE TEXT
  VALUE

00D7   00E5               M                 MOVWF           0X65                    
00D8   3019               M                 MOVLW           .25                             ;VAR3
00D9   0099               M                 MOVWF           .25
00DA   2129               M                 CALL            ST3V
00DB   0008           00234                                         RETURN
                      00235 
                      00236 RETARDO_8mS:            RETARDO_2V              .6,.181                 ;RETARDO DE 8mS PARA LA PERSISTE
                            NCIA DE LA VISION
00DC   3006               M                 MOVLW           .6
00DD   00E1               M                 MOVWF           0X61
00DE   30B5               M                 MOVLW           .181
00DF   00E2               M                 MOVWF           0X62
00E0   211E               M                 CALL            ST2V
00E1   0008           00237                                         RETURN
                      00238 ;---------------------------TABLAS------------------------------------
00E2   0782           00239 TABLA_TECL                      ADDWF                   PCL,F
00E3   34EE 34DE 34BE 00240                                         DT                              0XEE,0XDE,0XBE,0X7E,0XED,0XDD, 0
                            XBD, 0X7D,0XEB,0XDB,0XBB,0X7B,0XE7,0XD7,0XB7,0X77
       347E 34ED 34DD 
       34BD 347D 34EB 
       34DB 34BB 347B 
       34E7 34D7 34B7 
       3477 
                      00241 
00F3   0782           00242 TABLA_HEX_ASCII         ADDWF                   PCL,F
00F4   3430 3431 3432 00243                                         DT                              "0123456789ABCDEF@"
       3433 3434 3435 
       3436 3437 3438 
       3439 3441 3442 
       3443 3444 3445 
       3446 3440 
                      00244 
0105   0782           00245 TABLA_PWM                       ADDWF                   PCL,F
0106   3400 3410 3420 00246                                         DT                              .0*.16,.1*.16,.2*.16,.3*.16,.4*.
                            16,.5*.16,.6*.16,.7*.16,.8*.16,.9*.16,.10*.16,.11*.16,.12*.16,.13*.16,.14*.16,.15*.16,.255
       3430 3440 3450 
       3460 3470 3480 
       3490 34A0 34B0 
       34C0 34D0 34E0 
       34F0 34FF 
                      00247 ;---------------------------LIBRERIAS--------------------------------
                      00248                                         INCLUDE         <D:\Archivos\Programacion\Microcontroladores\PIC
                            \ASSEMBLER\MPASM\PIC16F887\LIBRERIAS\LIBRERIA_RETARDOS.asm>
                      00001 ;                       MOVLW           .                       ;VAR2
                      00002 ;                       MOVWF           0X61
                      00003 ;                       MOVLW           .                       ;VAR1
                      00004 ;                       MOVWF           0X62
                      00005 ;                       CALL            ST2V
                      00006 ;                       RETURN
                      00007 ;;---------------------------------------------------------
                      00008 ;                       MOVLW           .                       ;VAR1
                      00009 ;                       MOVWF           0X64
                      00010 ;                       MOVLW           .                       ;VAR2
MPASM  5.51                           PWM.ASM   2-14-2022  20:05:35         PAGE 13


LOC  OBJECT CODE     LINE SOURCE TEXT
  VALUE

                      00011 ;                       MOVWF           0X65            
                      00012 ;                       MOVLW           .                       ;VAR3
                      00013 ;                       MOVWF           0X66
                      00014 ;                       CALL            ST3V
                      00015 
                      00016 ;SUBT25MS:              SUBT3V          .3,.47,.25   ;RETARDO DE 25mS PARA EL USO DE LA FUNCION ANTIREBO
                            TES     
                      00017 
                      00018 ;--------------------RUTINA DE TIEMPO 1 VAR---------------
                      00019 
0117   0000           00020 ST1V:                   NOP
0118   0000           00021                         NOP
0119   0000           00022                         NOP 
011A   0000           00023                         NOP
011B   0BE0           00024                         DECFSZ          0X60,F
011C   2917           00025                         GOTO            ST1V
011D   0008           00026                         RETURN
                      00027 
                      00028                         
                      00029 ;SUBRUTINA DE TIEMPO DE 2 VARIABLES
011E   0862           00030 ST2V:                   MOVF            0X62,W
011F   00E3           00031                         MOVWF           0X63
0120   0000           00032 DECRE2V:                NOP
0121   0000           00033                         NOP
0122   0000           00034                         NOP
0123   0000           00035                         NOP
0124   0BE3           00036                         DECFSZ          0X63,F
0125   2920           00037                         GOTO            DECRE2V
0126   0BE1           00038                         DECFSZ          0X61,F
0127   291E           00039                         GOTO            ST2V
0128   0008           00040                         RETURN
                      00041 
                      00042                         
                      00043 ;SUBRUTINA DE TIEMPO DE 3 VARIABLES
0129   0866           00044 ST3V:                   MOVF            0X66,W
012A   00E7           00045                         MOVWF           0X67
012B   0865           00046 RECARGA3V:              MOVF            0X65,W
012C   00E8           00047                         MOVWF           0X68
012D   0000           00048 DECRE3V:                NOP
012E   0000           00049                         NOP
012F   0000           00050                         NOP
0130   0000           00051                         NOP
0131   0BE8           00052                         DECFSZ          0X68,F
0132   292D           00053                         GOTO            DECRE3V
0133   0BE7           00054                         DECFSZ          0X67,F
0134   292B           00055                         GOTO            RECARGA3V
0135   0BE4           00056                         DECFSZ          0X64,F
0136   2929           00057                         GOTO            ST3V
0137   0008           00058                         RETURN
                      00059 
                      00249                         ;               INCLUDE         <D:\Archivos\Programacion\Microcontroladores\PIC
                            \ASSEMBLER\MPASM\PIC16F887\LIBRERIAS\LIBRERIA_LCD.asm>          
                      00250                                         END
MPASM  5.51                           PWM.ASM   2-14-2022  20:05:35         PAGE 14


SYMBOL TABLE
  LABEL                             VALUE 

ABDEN                             00000000
ABDOVF                            00000007
ACKDT                             00000005
ACKEN                             00000004
ACKSTAT                           00000006
ADCON0                            0000001F
ADCON1                            0000009F
ADCS0                             00000006
ADCS1                             00000007
ADDEN                             00000003
ADFM                              00000007
ADIE                              00000006
ADIF                              00000006
ADON                              00000000
ADRESH                            0000001E
ADRESL                            0000009E
ALEATORIO                         00000024
ANS0                              00000000
ANS1                              00000001
ANS10                             00000002
ANS11                             00000003
ANS12                             00000004
ANS13                             00000005
ANS2                              00000002
ANS3                              00000003
ANS4                              00000004
ANS5                              00000005
ANS6                              00000006
ANS7                              00000007
ANS8                              00000000
ANS9                              00000001
ANSEL                             00000188
ANSELH                            00000189
BAUDCTL                           00000187
BCLIE                             00000003
BCLIF                             00000003
BF                                00000000
BIN_A_DECIMAL                     000000BF
BRG0                              00000000
BRG1                              00000001
BRG10                             00000002
BRG11                             00000003
BRG12                             00000004
BRG13                             00000005
BRG14                             00000006
BRG15                             00000007
BRG16                             00000003
BRG2                              00000002
BRG3                              00000003
BRG4                              00000004
BRG5                              00000005
BRG6                              00000006
BRG7                              00000007
MPASM  5.51                           PWM.ASM   2-14-2022  20:05:35         PAGE 15


SYMBOL TABLE
  LABEL                             VALUE 

BRG8                              00000000
BRG9                              00000001
BRGH                              00000002
BUSCA_TECLA                       0000008B
C                                 00000000
C1CH0                             00000000
C1CH1                             00000001
C1IE                              00000005
C1IF                              00000005
C1OE                              00000005
C1ON                              00000007
C1OUT                             00000006
C1POL                             00000004
C1R                               00000002
C1RSEL                            00000005
C1SEN                             00000005
C2CH0                             00000000
C2CH1                             00000001
C2IE                              00000006
C2IF                              00000006
C2OE                              00000005
C2ON                              00000007
C2OUT                             00000006
C2POL                             00000004
C2R                               00000002
C2REN                             00000004
C2RSEL                            00000004
C2SYNC                            00000000
CAMBIA_PWM                        00000097
CCP1CON                           00000017
CCP1IE                            00000002
CCP1IF                            00000002
CCP1M0                            00000000
CCP1M1                            00000001
CCP1M2                            00000002
CCP1M3                            00000003
CCP1X                             00000005
CCP1Y                             00000004
CCP2CON                           0000001D
CCP2IE                            00000000
CCP2IF                            00000000
CCP2M0                            00000000
CCP2M1                            00000001
CCP2M2                            00000002
CCP2M3                            00000003
CCP2X                             00000005
CCP2Y                             00000004
CCPR1                             00000015
CCPR1H                            00000016
CCPR1L                            00000015
CCPR2                             0000001B
CCPR2H                            0000001C
CCPR2L                            0000001B
MPASM  5.51                           PWM.ASM   2-14-2022  20:05:35         PAGE 16


SYMBOL TABLE
  LABEL                             VALUE 

CENTENAS                          00000027
CHS0                              00000002
CHS1                              00000003
CHS2                              00000004
CHS3                              00000005
CKE                               00000006
CKP                               00000004
CM1CON0                           00000107
CM2CON0                           00000108
CM2CON1                           00000109
CONFIGURACION                     
CONT5                             00000023
CONT60                            00000022
CONT_T0                           00000028
CONT_TECL                         0000002F
CREN                              00000004
CSRC                              00000007
D                                 00000005
DATA_ADDRESS                      00000005
DC                                00000001
DC1B0                             00000004
DC1B1                             00000005
DC2B0                             00000004
DC2B1                             00000005
DECENA                            00000021
DECENAS                           00000026
DECENA_DIS                        BCF     PORTA,1
DECENA_ENA                        BSF     PORTA,1
DECIMAL                           00000029
DECRE2V                           00000120
DECRE3V                           0000012D
D_A                               00000005
D_NOT_A                           00000005
ECCPAS                            0000009C
ECCPAS0                           00000004
ECCPAS1                           00000005
ECCPAS2                           00000006
ECCPASE                           00000007
EEADR                             0000010D
EEADRH                            0000010F
EECON1                            0000018C
EECON2                            0000018D
EEDAT                             0000010C
EEDATA                            0000010C
EEDATH                            0000010E
EEIE                              00000004
EEIF                              00000004
EEPGD                             00000007
ESTADO_PB                         0000002C
ES_NUEVO_PB                       0000002D
F                                 00000001
FERR                              00000002
FIN_INT                           000000A6
MPASM  5.51                           PWM.ASM   2-14-2022  20:05:35         PAGE 17


SYMBOL TABLE
  LABEL                             VALUE 

FSR                               00000004
FVREN                             00000000
GCEN                              00000007
GIE                               00000007
GO                                00000001
GO_DONE                           00000001
GO_NOT_DONE                       00000001
HTS                               00000002
I2C_DATA                          00000005
I2C_READ                          00000002
I2C_START                         00000003
I2C_STOP                          00000004
INDF                              00000000
INICIALIZA                        0000002F
INTCON                            0000000B
INTE                              00000004
INTEDG                            00000006
INTF                              00000001
IOCB                              00000096
IOCB0                             00000000
IOCB1                             00000001
IOCB2                             00000002
IOCB3                             00000003
IOCB4                             00000004
IOCB5                             00000005
IOCB6                             00000006
IOCB7                             00000007
IRCF0                             00000004
IRCF1                             00000005
IRCF2                             00000006
IRP                               00000007
ISR                               0000007D
LIMPIA_DEC                        00000060
LIMPIA_UNI                        00000061
LTS                               00000001
MC1OUT                            00000007
MC2OUT                            00000006
MSK                               00000093
MSK0                              00000000
MSK1                              00000001
MSK2                              00000002
MSK3                              00000003
MSK4                              00000004
MSK5                              00000005
MSK6                              00000006
MSK7                              00000007
NOT_A                             00000005
NOT_ADDRESS                       00000005
NOT_BO                            00000000
NOT_BOR                           00000000
NOT_DONE                          00000001
NOT_PD                            00000003
NOT_POR                           00000001
MPASM  5.51                           PWM.ASM   2-14-2022  20:05:35         PAGE 18


SYMBOL TABLE
  LABEL                             VALUE 

NOT_RBPU                          00000007
NOT_RC8                           00000006
NOT_T1SYNC                        00000002
NOT_TO                            00000004
NOT_TX8                           00000006
NOT_W                             00000002
NOT_WRITE                         00000002
NUMERO                            00000030
OERR                              00000001
OPTION_REG                        00000081
OSCCON                            0000008F
OSCTUNE                           00000090
OSFIE                             00000007
OSFIF                             00000007
OSTS                              00000003
P                                 00000004
P1M0                              00000006
P1M1                              00000007
PCL                               00000002
PCLATH                            0000000A
PCON                              0000008E
PDC0                              00000000
PDC1                              00000001
PDC2                              00000002
PDC3                              00000003
PDC4                              00000004
PDC5                              00000005
PDC6                              00000006
PEIE                              00000006
PEN                               00000002
PIE1                              0000008C
PIE2                              0000008D
PIR1                              0000000C
PIR2                              0000000D
PORTA                             00000005
PORTB                             00000006
PORTC                             00000007
PORTD                             00000008
PORTE                             00000009
PR2                               00000092
PRSEN                             00000007
PS0                               00000000
PS1                               00000001
PS2                               00000002
PSA                               00000003
PSSAC0                            00000002
PSSAC1                            00000003
PSSBD0                            00000000
PSSBD1                            00000001
PSTRCON                           0000009D
PULSR                             00000002
PULSS                             00000003
PWM1CON                           0000009B
MPASM  5.51                           PWM.ASM   2-14-2022  20:05:35         PAGE 19


SYMBOL TABLE
  LABEL                             VALUE 

R                                 00000002
RA0                               00000000
RA1                               00000001
RA2                               00000002
RA3                               00000003
RA4                               00000004
RA5                               00000005
RA6                               00000006
RA7                               00000007
RB0                               00000000
RB1                               00000001
RB2                               00000002
RB3                               00000003
RB4                               00000004
RB5                               00000005
RB6                               00000006
RB7                               00000007
RBIE                              00000003
RBIF                              00000000
RC0                               00000000
RC1                               00000001
RC2                               00000002
RC3                               00000003
RC4                               00000004
RC5                               00000005
RC6                               00000006
RC7                               00000007
RC8_9                             00000006
RC9                               00000006
RCD8                              00000000
RCEN                              00000003
RCIDL                             00000006
RCIE                              00000005
RCIF                              00000005
RCREG                             0000001A
RCSTA                             00000018
RD                                00000000
RD0                               00000000
RD1                               00000001
RD2                               00000002
RD3                               00000003
RD4                               00000004
RD5                               00000005
RD6                               00000006
RD7                               00000007
RE0                               00000000
RE1                               00000001
RE2                               00000002
RE3                               00000003
READ_WRITE                        00000002
RECARGA3V                         0000012B
RECARGA60                         00000062
RESTA10                           000000CA
MPASM  5.51                           PWM.ASM   2-14-2022  20:05:35         PAGE 20


SYMBOL TABLE
  LABEL                             VALUE 

RESTA100                          000000C2
RESTORE_REG                       
RETARDO_1V                        
RETARDO_2V                        
RETARDO_3V                        
RETARDO_8mS                       000000DC
RP0                               00000005
RP1                               00000006
RSEN                              00000001
RX9                               00000006
RX9D                              00000000
R_NOT_W                           00000002
R_W                               00000002
S                                 00000003
SAVE_PC                           00000072
SAVE_REG                          
SAVE_STATUS                       00000071
SAVE_W                            00000070
SBOREN                            00000004
SCKP                              00000004
SCS                               00000000
SEN                               00000000
SENDB                             00000003
SIETE_SEG                         0000001F
SIETE_SG_KC                       
SMP                               00000007
SPBRG                             00000099
SPBRGH                            0000009A
SPEN                              00000007
SR0                               00000006
SR1                               00000007
SRCON                             00000185
SREN                              00000005
SSPADD                            00000093
SSPBUF                            00000013
SSPCON                            00000014
SSPCON2                           00000091
SSPEN                             00000005
SSPIE                             00000003
SSPIF                             00000003
SSPM0                             00000000
SSPM1                             00000001
SSPM2                             00000002
SSPM3                             00000003
SSPMSK                            00000093
SSPOV                             00000006
SSPSTAT                           00000094
ST1V                              00000117
ST2V                              0000011E
ST3V                              00000129
STATUS                            00000003
STRA                              00000000
STRB                              00000001
MPASM  5.51                           PWM.ASM   2-14-2022  20:05:35         PAGE 21


SYMBOL TABLE
  LABEL                             VALUE 

STRC                              00000002
STRD                              00000003
STRSYNC                           00000004
SUBT25MS                          000000D4
SUMA10                            000000D0
SUMA100                           000000C8
SWDTEN                            00000000
SYNC                              00000004
T0CS                              00000005
T0IE                              00000005
T0IF                              00000002
T0SE                              00000004
T1CKPS0                           00000004
T1CKPS1                           00000005
T1CON                             00000010
T1GINV                            00000007
T1GIV                             00000007
T1GSS                             00000001
T1INSYNC                          00000002
T1OSCEN                           00000003
T1SYNC                            00000002
T2CKPS0                           00000000
T2CKPS1                           00000001
T2CON                             00000012
TABLA_HEX_ASCII                   000000F3
TABLA_PWM                         00000105
TABLA_TECL                        000000E2
TECLADO4X4                        0000002E
TMR0                              00000001
TMR0IE                            00000005
TMR0IF                            00000002
TMR1                              0000000E
TMR1CS                            00000001
TMR1GE                            00000006
TMR1H                             0000000F
TMR1IE                            00000000
TMR1IF                            00000000
TMR1L                             0000000E
TMR1ON                            00000000
TMR2                              00000011
TMR2IE                            00000001
TMR2IF                            00000001
TMR2ON                            00000002
TOUTPS0                           00000003
TOUTPS1                           00000004
TOUTPS2                           00000005
TOUTPS3                           00000006
TRISA                             00000085
TRISA0                            00000000
TRISA1                            00000001
TRISA2                            00000002
TRISA3                            00000003
TRISA4                            00000004
MPASM  5.51                           PWM.ASM   2-14-2022  20:05:35         PAGE 22


SYMBOL TABLE
  LABEL                             VALUE 

TRISA5                            00000005
TRISA6                            00000006
TRISA7                            00000007
TRISB                             00000086
TRISB0                            00000000
TRISB1                            00000001
TRISB2                            00000002
TRISB3                            00000003
TRISB4                            00000004
TRISB5                            00000005
TRISB6                            00000006
TRISB7                            00000007
TRISC                             00000087
TRISC0                            00000000
TRISC1                            00000001
TRISC2                            00000002
TRISC3                            00000003
TRISC4                            00000004
TRISC5                            00000005
TRISC6                            00000006
TRISC7                            00000007
TRISD                             00000088
TRISD0                            00000000
TRISD1                            00000001
TRISD2                            00000002
TRISD3                            00000003
TRISD4                            00000004
TRISD5                            00000005
TRISD6                            00000006
TRISD7                            00000007
TRISE                             00000089
TRISE0                            00000000
TRISE1                            00000001
TRISE2                            00000002
TRISE3                            00000003
TRMT                              00000001
TUN0                              00000000
TUN1                              00000001
TUN2                              00000002
TUN3                              00000003
TUN4                              00000004
TX8_9                             00000006
TX9                               00000006
TX9D                              00000000
TXD8                              00000000
TXEN                              00000005
TXIE                              00000004
TXIF                              00000004
TXREG                             00000019
TXSTA                             00000098
UA                                00000001
ULPWUE                            00000005
ULPWUIE                           00000002
MPASM  5.51                           PWM.ASM   2-14-2022  20:05:35         PAGE 23


SYMBOL TABLE
  LABEL                             VALUE 

ULPWUIF                           00000002
UNIDAD                            00000020
UNIDADES                          00000025
UNIDAD_DIS                        BCF     PORTA,0
UNIDAD_ENA                        BSF     PORTA,0
VCFG0                             00000004
VCFG1                             00000005
VECTOR_INTERRUPCION               
VISUALIZAR                        00000064
VR0                               00000000
VR1                               00000001
VR2                               00000002
VR3                               00000003
VRCON                             00000097
VREN                              00000007
VROE                              00000006
VRR                               00000005
VRSS                              00000004
W                                 00000000
WCOL                              00000007
WDTCON                            00000105
WDTPS0                            00000001
WDTPS1                            00000002
WDTPS2                            00000003
WDTPS3                            00000004
WPUB                              00000095
WPUB0                             00000000
WPUB1                             00000001
WPUB2                             00000002
WPUB3                             00000003
WPUB4                             00000004
WPUB5                             00000005
WPUB6                             00000006
WPUB7                             00000007
WR                                00000001
WREN                              00000002
WRERR                             00000003
WUE                               00000001
Z                                 00000002
_BOR21V                           00003EFF
_BOR40V                           00003FFF
_BOR4V_BOR21V                     00003EFF
_BOR4V_BOR40V                     00003FFF
_BOREN_NSLEEP                     00003EFF
_BOREN_OFF                        00003CFF
_BOREN_ON                         00003FFF
_BOREN_SBODEN                     00003DFF
_BOR_NSLEEP                       00003EFF
_BOR_OFF                          00003CFF
_BOR_ON                           00003FFF
_BOR_SBODEN                       00003DFF
_CONFIG1                          00002007
_CONFIG2                          00002008
MPASM  5.51                           PWM.ASM   2-14-2022  20:05:35         PAGE 24


SYMBOL TABLE
  LABEL                             VALUE 

_CPD_OFF                          00003FFF
_CPD_ON                           00003F7F
_CP_OFF                           00003FFF
_CP_ON                            00003FBF
_DEBUG_OFF                        00003FFF
_DEBUG_ON                         00001FFF
_DEVID1                           00002006
_EC_OSC                           00003FFB
_EXTRC                            00003FFF
_EXTRCIO                          00003FFE
_EXTRC_OSC_CLKOUT                 00003FFF
_EXTRC_OSC_NOCLKOUT               00003FFE
_FCMEN_OFF                        000037FF
_FCMEN_ON                         00003FFF
_FOSC_EC                          00003FFB
_FOSC_EXTRC_CLKOUT                00003FFF
_FOSC_EXTRC_NOCLKOUT              00003FFE
_FOSC_HS                          00003FFA
_FOSC_INTRC_CLKOUT                00003FFD
_FOSC_INTRC_NOCLKOUT              00003FFC
_FOSC_LP                          00003FF8
_FOSC_XT                          00003FF9
_HS_OSC                           00003FFA
_IDLOC0                           00002000
_IDLOC1                           00002001
_IDLOC2                           00002002
_IDLOC3                           00002003
_IESO_OFF                         00003BFF
_IESO_ON                          00003FFF
_INTOSC                           00003FFD
_INTOSCIO                         00003FFC
_INTRC_OSC_CLKOUT                 00003FFD
_INTRC_OSC_NOCLKOUT               00003FFC
_LP_OSC                           00003FF8
_LVP_OFF                          00002FFF
_LVP_ON                           00003FFF
_MCLRE_OFF                        00003FDF
_MCLRE_ON                         00003FFF
_PWRTE_OFF                        00003FFF
_PWRTE_ON                         00003FEF
_WDTE_OFF                         00003FF7
_WDTE_ON                          00003FFF
_WDT_OFF                          00003FF7
_WDT_ON                           00003FFF
_WRT_1FOURTH                      00003BFF
_WRT_256                          00003DFF
_WRT_HALF                         000039FF
_WRT_OFF                          00003FFF
_XT_OSC                           00003FF9
__16F887                          00000001
__DEBUG                           1
MPASM  5.51                           PWM.ASM   2-14-2022  20:05:35         PAGE 25


MEMORY USAGE MAP ('X' = Used,  '-' = Unused)


0000 : X---XXXXXXXXXXXX XXXXXXXXXXXXXXXX XXXXXXXXXXXXXXXX XXXXXXXXXXXXXXXX
0040 : XXXXXXXXXXXXXXXX XXXXXXXXXXXXXXXX XXXXXXXXXXXXXXXX XXXXXXXXXXXXXXXX
0080 : XXXXXXXXXXXXXXXX XXXXXXXXXXXXXXXX XXXXXXXXXXXXXXXX XXXXXXXXXXXXXXXX
00C0 : XXXXXXXXXXXXXXXX XXXXXXXXXXXXXXXX XXXXXXXXXXXXXXXX XXXXXXXXXXXXXXXX
0100 : XXXXXXXXXXXXXXXX XXXXXXXXXXXXXXXX XXXXXXXXXXXXXXXX XXXXXXXX--------
2000 : -------XX------- ---------------- ---------------- ----------------

All other memory blocks unused.

Program Memory Words Used:   309
Program Memory Words Free:  7883


Errors   :     0
Warnings :     3 reported,     0 suppressed
Messages :    20 reported,     0 suppressed

