Warning[205] D:\ARCHIVOS\PROGRAMACION\MICROCONTROLADORES\PIC\ASSEMBLER\MPASM\PIC16F887\40_PWM\PWM.ASM 24 : Found directive in column 1. (CBLOCK)
Warning[205] D:\ARCHIVOS\PROGRAMACION\MICROCONTROLADORES\PIC\ASSEMBLER\MPASM\PIC16F887\LIBRERIAS\MACROS_INTERRUPT.ASM 2 : Found directive in column 1. (CBLOCK)
Warning[205] D:\ARCHIVOS\PROGRAMACION\MICROCONTROLADORES\PIC\ASSEMBLER\MPASM\PIC16F887\LIBRERIAS\MACROS_INTERRUPT.ASM 4 : Found directive in column 1. (ENDC)
Message[302] D:\ARCHIVOS\PROGRAMACION\MICROCONTROLADORES\PIC\ASSEMBLER\MPASM\PIC16F887\LIBRERIAS\MACROS_CONFIGURACION_INT.ASM 16 : Register in operand not in bank 0.  Ensure that bank bits are correct.
Message[302] D:\ARCHIVOS\PROGRAMACION\MICROCONTROLADORES\PIC\ASSEMBLER\MPASM\PIC16F887\LIBRERIAS\MACROS_CONFIGURACION_INT.ASM 17 : Register in operand not in bank 0.  Ensure that bank bits are correct.
Message[302] D:\ARCHIVOS\PROGRAMACION\MICROCONTROLADORES\PIC\ASSEMBLER\MPASM\PIC16F887\LIBRERIAS\MACROS_CONFIGURACION_INT.ASM 21 : Register in operand not in bank 0.  Ensure that bank bits are correct.
Message[302] D:\ARCHIVOS\PROGRAMACION\MICROCONTROLADORES\PIC\ASSEMBLER\MPASM\PIC16F887\LIBRERIAS\MACROS_CONFIGURACION_INT.ASM 22 : Register in operand not in bank 0.  Ensure that bank bits are correct.
Message[302] D:\ARCHIVOS\PROGRAMACION\MICROCONTROLADORES\PIC\ASSEMBLER\MPASM\PIC16F887\LIBRERIAS\MACROS_CONFIGURACION_INT.ASM 23 : Register in operand not in bank 0.  Ensure that bank bits are correct.
Message[302] D:\ARCHIVOS\PROGRAMACION\MICROCONTROLADORES\PIC\ASSEMBLER\MPASM\PIC16F887\LIBRERIAS\MACROS_CONFIGURACION_INT.ASM 24 : Register in operand not in bank 0.  Ensure that bank bits are correct.
Message[302] D:\ARCHIVOS\PROGRAMACION\MICROCONTROLADORES\PIC\ASSEMBLER\MPASM\PIC16F887\LIBRERIAS\MACROS_CONFIGURACION_INT.ASM 25 : Register in operand not in bank 0.  Ensure that bank bits are correct.
Message[302] D:\ARCHIVOS\PROGRAMACION\MICROCONTROLADORES\PIC\ASSEMBLER\MPASM\PIC16F887\40_PWM\PWM.ASM 41 : Register in operand not in bank 0.  Ensure that bank bits are correct.
Message[302] D:\ARCHIVOS\PROGRAMACION\MICROCONTROLADORES\PIC\ASSEMBLER\MPASM\PIC16F887\40_PWM\PWM.ASM 42 : Register in operand not in bank 0.  Ensure that bank bits are correct.
Message[302] D:\ARCHIVOS\PROGRAMACION\MICROCONTROLADORES\PIC\ASSEMBLER\MPASM\PIC16F887\40_PWM\PWM.ASM 43 : Register in operand not in bank 0.  Ensure that bank bits are correct.
Message[302] D:\ARCHIVOS\PROGRAMACION\MICROCONTROLADORES\PIC\ASSEMBLER\MPASM\PIC16F887\40_PWM\PWM.ASM 44 : Register in operand not in bank 0.  Ensure that bank bits are correct.
Message[302] D:\ARCHIVOS\PROGRAMACION\MICROCONTROLADORES\PIC\ASSEMBLER\MPASM\PIC16F887\40_PWM\PWM.ASM 46 : Register in operand not in bank 0.  Ensure that bank bits are correct.
Message[302] D:\ARCHIVOS\PROGRAMACION\MICROCONTROLADORES\PIC\ASSEMBLER\MPASM\PIC16F887\40_PWM\PWM.ASM 50 : Register in operand not in bank 0.  Ensure that bank bits are correct.
Message[302] D:\ARCHIVOS\PROGRAMACION\MICROCONTROLADORES\PIC\ASSEMBLER\MPASM\PIC16F887\40_PWM\PWM.ASM 51 : Register in operand not in bank 0.  Ensure that bank bits are correct.
Message[302] D:\ARCHIVOS\PROGRAMACION\MICROCONTROLADORES\PIC\ASSEMBLER\MPASM\PIC16F887\40_PWM\PWM.ASM 58 : Register in operand not in bank 0.  Ensure that bank bits are correct.
Message[302] D:\ARCHIVOS\PROGRAMACION\MICROCONTROLADORES\PIC\ASSEMBLER\MPASM\PIC16F887\40_PWM\PWM.ASM 78 : Register in operand not in bank 0.  Ensure that bank bits are correct.
Message[302] D:\ARCHIVOS\PROGRAMACION\MICROCONTROLADORES\PIC\ASSEMBLER\MPASM\PIC16F887\40_PWM\PWM.ASM 139 : Register in operand not in bank 0.  Ensure that bank bits are correct.
Message[302] D:\ARCHIVOS\PROGRAMACION\MICROCONTROLADORES\PIC\ASSEMBLER\MPASM\PIC16F887\40_PWM\PWM.ASM 140 : Register in operand not in bank 0.  Ensure that bank bits are correct.
Message[302] D:\ARCHIVOS\PROGRAMACION\MICROCONTROLADORES\PIC\ASSEMBLER\MPASM\PIC16F887\40_PWM\PWM.ASM 177 : Register in operand not in bank 0.  Ensure that bank bits are correct.
Message[302] D:\ARCHIVOS\PROGRAMACION\MICROCONTROLADORES\PIC\ASSEMBLER\MPASM\PIC16F887\40_PWM\PWM.ASM 178 : Register in operand not in bank 0.  Ensure that bank bits are correct.
