Warning[205] D:\ARCHIVOS\PROGRAMACION\MICROCONTROLADORES\PIC\ASSEMBLER\MPASM\PIC16F887\38_ADC_2.5V\ADC.ASM 31 : Found directive in column 1. (CBLOCK)
Warning[205] D:\ARCHIVOS\PROGRAMACION\MICROCONTROLADORES\PIC\ASSEMBLER\MPASM\PIC16F887\LIBRERIAS\MACROS_INTERRUPT.ASM 2 : Found directive in column 1. (CBLOCK)
Warning[205] D:\ARCHIVOS\PROGRAMACION\MICROCONTROLADORES\PIC\ASSEMBLER\MPASM\PIC16F887\LIBRERIAS\MACROS_INTERRUPT.ASM 4 : Found directive in column 1. (ENDC)
Message[302] D:\ARCHIVOS\PROGRAMACION\MICROCONTROLADORES\PIC\ASSEMBLER\MPASM\PIC16F887\LIBRERIAS\MACROS_CONFIGURACION_INT.ASM 16 : Register in operand not in bank 0.  Ensure that bank bits are correct.
Message[302] D:\ARCHIVOS\PROGRAMACION\MICROCONTROLADORES\PIC\ASSEMBLER\MPASM\PIC16F887\LIBRERIAS\MACROS_CONFIGURACION_INT.ASM 17 : Register in operand not in bank 0.  Ensure that bank bits are correct.
Message[302] D:\ARCHIVOS\PROGRAMACION\MICROCONTROLADORES\PIC\ASSEMBLER\MPASM\PIC16F887\LIBRERIAS\MACROS_CONFIGURACION_INT.ASM 21 : Register in operand not in bank 0.  Ensure that bank bits are correct.
Message[302] D:\ARCHIVOS\PROGRAMACION\MICROCONTROLADORES\PIC\ASSEMBLER\MPASM\PIC16F887\LIBRERIAS\MACROS_CONFIGURACION_INT.ASM 22 : Register in operand not in bank 0.  Ensure that bank bits are correct.
Message[302] D:\ARCHIVOS\PROGRAMACION\MICROCONTROLADORES\PIC\ASSEMBLER\MPASM\PIC16F887\LIBRERIAS\MACROS_CONFIGURACION_INT.ASM 23 : Register in operand not in bank 0.  Ensure that bank bits are correct.
Message[302] D:\ARCHIVOS\PROGRAMACION\MICROCONTROLADORES\PIC\ASSEMBLER\MPASM\PIC16F887\LIBRERIAS\MACROS_CONFIGURACION_INT.ASM 24 : Register in operand not in bank 0.  Ensure that bank bits are correct.
Message[302] D:\ARCHIVOS\PROGRAMACION\MICROCONTROLADORES\PIC\ASSEMBLER\MPASM\PIC16F887\LIBRERIAS\MACROS_CONFIGURACION_INT.ASM 25 : Register in operand not in bank 0.  Ensure that bank bits are correct.
Message[302] D:\ARCHIVOS\PROGRAMACION\MICROCONTROLADORES\PIC\ASSEMBLER\MPASM\PIC16F887\38_ADC_2.5V\ADC.ASM 58 : Register in operand not in bank 0.  Ensure that bank bits are correct.
Message[302] D:\ARCHIVOS\PROGRAMACION\MICROCONTROLADORES\PIC\ASSEMBLER\MPASM\PIC16F887\38_ADC_2.5V\ADC.ASM 59 : Register in operand not in bank 0.  Ensure that bank bits are correct.
Message[302] D:\ARCHIVOS\PROGRAMACION\MICROCONTROLADORES\PIC\ASSEMBLER\MPASM\PIC16F887\38_ADC_2.5V\ADC.ASM 60 : Register in operand not in bank 0.  Ensure that bank bits are correct.
Message[302] D:\ARCHIVOS\PROGRAMACION\MICROCONTROLADORES\PIC\ASSEMBLER\MPASM\PIC16F887\38_ADC_2.5V\ADC.ASM 61 : Register in operand not in bank 0.  Ensure that bank bits are correct.
Message[302] D:\ARCHIVOS\PROGRAMACION\MICROCONTROLADORES\PIC\ASSEMBLER\MPASM\PIC16F887\38_ADC_2.5V\ADC.ASM 62 : Register in operand not in bank 0.  Ensure that bank bits are correct.
Message[302] D:\ARCHIVOS\PROGRAMACION\MICROCONTROLADORES\PIC\ASSEMBLER\MPASM\PIC16F887\38_ADC_2.5V\ADC.ASM 64 : Register in operand not in bank 0.  Ensure that bank bits are correct.
Message[302] D:\ARCHIVOS\PROGRAMACION\MICROCONTROLADORES\PIC\ASSEMBLER\MPASM\PIC16F887\38_ADC_2.5V\ADC.ASM 71 : Register in operand not in bank 0.  Ensure that bank bits are correct.
Message[302] D:\ARCHIVOS\PROGRAMACION\MICROCONTROLADORES\PIC\ASSEMBLER\MPASM\PIC16F887\38_ADC_2.5V\ADC.ASM 77 : Register in operand not in bank 0.  Ensure that bank bits are correct.
Message[302] D:\ARCHIVOS\PROGRAMACION\MICROCONTROLADORES\PIC\ASSEMBLER\MPASM\PIC16F887\38_ADC_2.5V\ADC.ASM 95 : Register in operand not in bank 0.  Ensure that bank bits are correct.
Message[302] D:\ARCHIVOS\PROGRAMACION\MICROCONTROLADORES\PIC\ASSEMBLER\MPASM\PIC16F887\38_ADC_2.5V\ADC.ASM 96 : Register in operand not in bank 0.  Ensure that bank bits are correct.
Message[302] D:\ARCHIVOS\PROGRAMACION\MICROCONTROLADORES\PIC\ASSEMBLER\MPASM\PIC16F887\38_ADC_2.5V\ADC.ASM 188 : Register in operand not in bank 0.  Ensure that bank bits are correct.
Message[302] D:\ARCHIVOS\PROGRAMACION\MICROCONTROLADORES\PIC\ASSEMBLER\MPASM\PIC16F887\38_ADC_2.5V\ADC.ASM 249 : Register in operand not in bank 0.  Ensure that bank bits are correct.
Message[302] D:\ARCHIVOS\PROGRAMACION\MICROCONTROLADORES\PIC\ASSEMBLER\MPASM\PIC16F887\38_ADC_2.5V\ADC.ASM 250 : Register in operand not in bank 0.  Ensure that bank bits are correct.
Message[302] D:\ARCHIVOS\PROGRAMACION\MICROCONTROLADORES\PIC\ASSEMBLER\MPASM\PIC16F887\38_ADC_2.5V\ADC.ASM 298 : Register in operand not in bank 0.  Ensure that bank bits are correct.
Message[302] D:\ARCHIVOS\PROGRAMACION\MICROCONTROLADORES\PIC\ASSEMBLER\MPASM\PIC16F887\38_ADC_2.5V\ADC.ASM 299 : Register in operand not in bank 0.  Ensure that bank bits are correct.
