Warning[205] D:\ARCHIVOS\PROGRAMACION\MICROCONTROLADORES\PIC\ASSEMBLER\MPASM\PIC16F887\LIBRERIAS\MACROS_INTERRUPT.ASM 2 : Found directive in column 1. (CBLOCK)
Warning[205] D:\ARCHIVOS\PROGRAMACION\MICROCONTROLADORES\PIC\ASSEMBLER\MPASM\PIC16F887\LIBRERIAS\MACROS_INTERRUPT.ASM 4 : Found directive in column 1. (ENDC)
Message[302] D:\ARCHIVOS\PROGRAMACION\MICROCONTROLADORES\PIC\ASSEMBLER\MPASM\PIC16F887\LIBRERIAS\MACROS_CONFIGURACION_INT.ASM 16 : Register in operand not in bank 0.  Ensure that bank bits are correct.
Message[302] D:\ARCHIVOS\PROGRAMACION\MICROCONTROLADORES\PIC\ASSEMBLER\MPASM\PIC16F887\LIBRERIAS\MACROS_CONFIGURACION_INT.ASM 17 : Register in operand not in bank 0.  Ensure that bank bits are correct.
Message[302] D:\ARCHIVOS\PROGRAMACION\MICROCONTROLADORES\PIC\ASSEMBLER\MPASM\PIC16F887\LIBRERIAS\MACROS_CONFIGURACION_INT.ASM 21 : Register in operand not in bank 0.  Ensure that bank bits are correct.
Message[302] D:\ARCHIVOS\PROGRAMACION\MICROCONTROLADORES\PIC\ASSEMBLER\MPASM\PIC16F887\LIBRERIAS\MACROS_CONFIGURACION_INT.ASM 22 : Register in operand not in bank 0.  Ensure that bank bits are correct.
Message[302] D:\ARCHIVOS\PROGRAMACION\MICROCONTROLADORES\PIC\ASSEMBLER\MPASM\PIC16F887\LIBRERIAS\MACROS_CONFIGURACION_INT.ASM 23 : Register in operand not in bank 0.  Ensure that bank bits are correct.
Message[302] D:\ARCHIVOS\PROGRAMACION\MICROCONTROLADORES\PIC\ASSEMBLER\MPASM\PIC16F887\LIBRERIAS\MACROS_CONFIGURACION_INT.ASM 24 : Register in operand not in bank 0.  Ensure that bank bits are correct.
Message[302] D:\ARCHIVOS\PROGRAMACION\MICROCONTROLADORES\PIC\ASSEMBLER\MPASM\PIC16F887\LIBRERIAS\MACROS_CONFIGURACION_INT.ASM 25 : Register in operand not in bank 0.  Ensure that bank bits are correct.
Message[302] D:\ARCHIVOS\PROGRAMACION\MICROCONTROLADORES\PIC\ASSEMBLER\MPASM\PIC16F887\OTROS\34_INTERRUPT_EXT_LIB\INT_LIB.ASM 38 : Register in operand not in bank 0.  Ensure that bank bits are correct.
Message[302] D:\ARCHIVOS\PROGRAMACION\MICROCONTROLADORES\PIC\ASSEMBLER\MPASM\PIC16F887\OTROS\34_INTERRUPT_EXT_LIB\INT_LIB.ASM 40 : Register in operand not in bank 0.  Ensure that bank bits are correct.
Warning[207] D:\ARCHIVOS\PROGRAMACION\MICROCONTROLADORES\PIC\ASSEMBLER\MPASM\PIC16F887\OTROS\34_INTERRUPT_EXT_LIB\INT_LIB.ASM 47 : Found label after column 1. (FILA1_COLUMNA)
Error[122]   D:\ARCHIVOS\PROGRAMACION\MICROCONTROLADORES\PIC\ASSEMBLER\MPASM\PIC16F887\OTROS\34_INTERRUPT_EXT_LIB\INT_LIB.ASM 47 : Illegal opcode (.0)
Warning[207] D:\ARCHIVOS\PROGRAMACION\MICROCONTROLADORES\PIC\ASSEMBLER\MPASM\PIC16F887\OTROS\34_INTERRUPT_EXT_LIB\INT_LIB.ASM 48 : Found label after column 1. (MENSAJE_FILA1)
Warning[207] D:\ARCHIVOS\PROGRAMACION\MICROCONTROLADORES\PIC\ASSEMBLER\MPASM\PIC16F887\OTROS\34_INTERRUPT_EXT_LIB\INT_LIB.ASM 49 : Found label after column 1. (FILA2_COLUMNA)
Error[122]   D:\ARCHIVOS\PROGRAMACION\MICROCONTROLADORES\PIC\ASSEMBLER\MPASM\PIC16F887\OTROS\34_INTERRUPT_EXT_LIB\INT_LIB.ASM 49 : Illegal opcode (.0)
Warning[207] D:\ARCHIVOS\PROGRAMACION\MICROCONTROLADORES\PIC\ASSEMBLER\MPASM\PIC16F887\OTROS\34_INTERRUPT_EXT_LIB\INT_LIB.ASM 50 : Found label after column 1. (MENSAJE_FILA2)
Message[302] D:\ARCHIVOS\PROGRAMACION\MICROCONTROLADORES\PIC\ASSEMBLER\MPASM\PIC16F887\OTROS\34_INTERRUPT_EXT_LIB\INT_LIB.ASM 53 : Register in operand not in bank 0.  Ensure that bank bits are correct.
Message[302] D:\ARCHIVOS\PROGRAMACION\MICROCONTROLADORES\PIC\ASSEMBLER\MPASM\PIC16F887\OTROS\34_INTERRUPT_EXT_LIB\INT_LIB.ASM 91 : Register in operand not in bank 0.  Ensure that bank bits are correct.
Warning[207] D:\ARCHIVOS\PROGRAMACION\MICROCONTROLADORES\PIC\ASSEMBLER\MPASM\PIC16F887\OTROS\34_INTERRUPT_EXT_LIB\INT_LIB.ASM 100 : Found label after column 1. (FILA2_COLUMNA)
Error[122]   D:\ARCHIVOS\PROGRAMACION\MICROCONTROLADORES\PIC\ASSEMBLER\MPASM\PIC16F887\OTROS\34_INTERRUPT_EXT_LIB\INT_LIB.ASM 100 : Illegal opcode (.13)
Message[302] D:\ARCHIVOS\PROGRAMACION\MICROCONTROLADORES\PIC\ASSEMBLER\MPASM\PIC16F887\OTROS\34_INTERRUPT_EXT_LIB\INT_LIB.ASM 110 : Register in operand not in bank 0.  Ensure that bank bits are correct.
Warning[207] D:\ARCHIVOS\PROGRAMACION\MICROCONTROLADORES\PIC\ASSEMBLER\MPASM\PIC16F887\OTROS\34_INTERRUPT_EXT_LIB\INT_LIB.ASM 125 : Found label after column 1. (MENSAJE_F1)
Error[108]   D:\ARCHIVOS\PROGRAMACION\MICROCONTROLADORES\PIC\ASSEMBLER\MPASM\PIC16F887\OTROS\34_INTERRUPT_EXT_LIB\INT_LIB.ASM 125 : Illegal character (")
Warning[207] D:\ARCHIVOS\PROGRAMACION\MICROCONTROLADORES\PIC\ASSEMBLER\MPASM\PIC16F887\OTROS\34_INTERRUPT_EXT_LIB\INT_LIB.ASM 126 : Found label after column 1. (MENSAJE_F2)
Error[108]   D:\ARCHIVOS\PROGRAMACION\MICROCONTROLADORES\PIC\ASSEMBLER\MPASM\PIC16F887\OTROS\34_INTERRUPT_EXT_LIB\INT_LIB.ASM 126 : Illegal character (")
Error[116]   D:\ARCHIVOS\PROGRAMACION\MICROCONTROLADORES\PIC\ASSEMBLER\MPASM\PIC16F887\LIBRERIAS\LIBRERIA_LCD.ASM 101 : Address label duplicated or different in second pass (MENSAJE_FILA1)
Error[113]   D:\ARCHIVOS\PROGRAMACION\MICROCONTROLADORES\PIC\ASSEMBLER\MPASM\PIC16F887\LIBRERIAS\LIBRERIA_LCD.ASM 103 : Symbol not previously defined (LCD_FILA1)
Error[116]   D:\ARCHIVOS\PROGRAMACION\MICROCONTROLADORES\PIC\ASSEMBLER\MPASM\PIC16F887\LIBRERIAS\LIBRERIA_LCD.ASM 113 : Address label duplicated or different in second pass (MENSAJE_FILA2)
Error[113]   D:\ARCHIVOS\PROGRAMACION\MICROCONTROLADORES\PIC\ASSEMBLER\MPASM\PIC16F887\LIBRERIAS\LIBRERIA_LCD.ASM 115 : Symbol not previously defined (LCD_FILA2)
