Warning[205] D:\ARCHIVOS\PROGRAMACION\MICROCONTROLADORES\PIC\ASSEMBLER\MPASM\PIC16F887\37_TECLADO_MATRICIAL\TECLADO_MATRICIAL.ASM 25 : Found directive in column 1. (CBLOCK)
Warning[205] D:\ARCHIVOS\PROGRAMACION\MICROCONTROLADORES\PIC\ASSEMBLER\MPASM\PIC16F887\LIBRERIAS\MACROS_INTERRUPT.ASM 2 : Found directive in column 1. (CBLOCK)
Warning[205] D:\ARCHIVOS\PROGRAMACION\MICROCONTROLADORES\PIC\ASSEMBLER\MPASM\PIC16F887\LIBRERIAS\MACROS_INTERRUPT.ASM 4 : Found directive in column 1. (ENDC)
Message[302] D:\ARCHIVOS\PROGRAMACION\MICROCONTROLADORES\PIC\ASSEMBLER\MPASM\PIC16F887\LIBRERIAS\MACROS_CONFIGURACION_INT.ASM 16 : Register in operand not in bank 0.  Ensure that bank bits are correct.
Message[302] D:\ARCHIVOS\PROGRAMACION\MICROCONTROLADORES\PIC\ASSEMBLER\MPASM\PIC16F887\LIBRERIAS\MACROS_CONFIGURACION_INT.ASM 17 : Register in operand not in bank 0.  Ensure that bank bits are correct.
Message[302] D:\ARCHIVOS\PROGRAMACION\MICROCONTROLADORES\PIC\ASSEMBLER\MPASM\PIC16F887\LIBRERIAS\MACROS_CONFIGURACION_INT.ASM 21 : Register in operand not in bank 0.  Ensure that bank bits are correct.
Message[302] D:\ARCHIVOS\PROGRAMACION\MICROCONTROLADORES\PIC\ASSEMBLER\MPASM\PIC16F887\LIBRERIAS\MACROS_CONFIGURACION_INT.ASM 22 : Register in operand not in bank 0.  Ensure that bank bits are correct.
Message[302] D:\ARCHIVOS\PROGRAMACION\MICROCONTROLADORES\PIC\ASSEMBLER\MPASM\PIC16F887\LIBRERIAS\MACROS_CONFIGURACION_INT.ASM 23 : Register in operand not in bank 0.  Ensure that bank bits are correct.
Message[302] D:\ARCHIVOS\PROGRAMACION\MICROCONTROLADORES\PIC\ASSEMBLER\MPASM\PIC16F887\LIBRERIAS\MACROS_CONFIGURACION_INT.ASM 24 : Register in operand not in bank 0.  Ensure that bank bits are correct.
Message[302] D:\ARCHIVOS\PROGRAMACION\MICROCONTROLADORES\PIC\ASSEMBLER\MPASM\PIC16F887\LIBRERIAS\MACROS_CONFIGURACION_INT.ASM 25 : Register in operand not in bank 0.  Ensure that bank bits are correct.
Message[302] D:\ARCHIVOS\PROGRAMACION\MICROCONTROLADORES\PIC\ASSEMBLER\MPASM\PIC16F887\37_TECLADO_MATRICIAL\TECLADO_MATRICIAL.ASM 51 : Register in operand not in bank 0.  Ensure that bank bits are correct.
Message[302] D:\ARCHIVOS\PROGRAMACION\MICROCONTROLADORES\PIC\ASSEMBLER\MPASM\PIC16F887\37_TECLADO_MATRICIAL\TECLADO_MATRICIAL.ASM 52 : Register in operand not in bank 0.  Ensure that bank bits are correct.
Message[302] D:\ARCHIVOS\PROGRAMACION\MICROCONTROLADORES\PIC\ASSEMBLER\MPASM\PIC16F887\37_TECLADO_MATRICIAL\TECLADO_MATRICIAL.ASM 53 : Register in operand not in bank 0.  Ensure that bank bits are correct.
Message[302] D:\ARCHIVOS\PROGRAMACION\MICROCONTROLADORES\PIC\ASSEMBLER\MPASM\PIC16F887\37_TECLADO_MATRICIAL\TECLADO_MATRICIAL.ASM 54 : Register in operand not in bank 0.  Ensure that bank bits are correct.
Message[302] D:\ARCHIVOS\PROGRAMACION\MICROCONTROLADORES\PIC\ASSEMBLER\MPASM\PIC16F887\37_TECLADO_MATRICIAL\TECLADO_MATRICIAL.ASM 55 : Register in operand not in bank 0.  Ensure that bank bits are correct.
Message[302] D:\ARCHIVOS\PROGRAMACION\MICROCONTROLADORES\PIC\ASSEMBLER\MPASM\PIC16F887\37_TECLADO_MATRICIAL\TECLADO_MATRICIAL.ASM 69 : Register in operand not in bank 0.  Ensure that bank bits are correct.
Message[302] D:\ARCHIVOS\PROGRAMACION\MICROCONTROLADORES\PIC\ASSEMBLER\MPASM\PIC16F887\37_TECLADO_MATRICIAL\TECLADO_MATRICIAL.ASM 70 : Register in operand not in bank 0.  Ensure that bank bits are correct.
Message[302] D:\ARCHIVOS\PROGRAMACION\MICROCONTROLADORES\PIC\ASSEMBLER\MPASM\PIC16F887\37_TECLADO_MATRICIAL\TECLADO_MATRICIAL.ASM 166 : Register in operand not in bank 0.  Ensure that bank bits are correct.
Message[302] D:\ARCHIVOS\PROGRAMACION\MICROCONTROLADORES\PIC\ASSEMBLER\MPASM\PIC16F887\37_TECLADO_MATRICIAL\TECLADO_MATRICIAL.ASM 167 : Register in operand not in bank 0.  Ensure that bank bits are correct.
Message[302] D:\ARCHIVOS\PROGRAMACION\MICROCONTROLADORES\PIC\ASSEMBLER\MPASM\PIC16F887\37_TECLADO_MATRICIAL\TECLADO_MATRICIAL.ASM 210 : Register in operand not in bank 0.  Ensure that bank bits are correct.
Message[302] D:\ARCHIVOS\PROGRAMACION\MICROCONTROLADORES\PIC\ASSEMBLER\MPASM\PIC16F887\37_TECLADO_MATRICIAL\TECLADO_MATRICIAL.ASM 211 : Register in operand not in bank 0.  Ensure that bank bits are correct.
